#
# There is insufficient memory for the Java Runtime Environment to continue.
# Native memory allocation (malloc) failed to allocate 1319568 bytes. Error detail: Chunk::new
# Possible reasons:
#   The system is out of physical RAM or swap space
#   This process is running with CompressedOops enabled, and the Java Heap may be blocking the growth of the native heap
# Possible solutions:
#   Reduce memory load on the system
#   Increase physical memory or swap space
#   Check if swap backing store is full
#   Decrease Java heap size (-Xmx/-Xms)
#   Decrease number of Java threads
#   Decrease Java thread stack sizes (-Xss)
#   Set larger code cache with -XX:ReservedCodeCacheSize=
#   JVM is running with Unscaled Compressed Oops mode in which the Java heap is
#     placed in the first 4GB address space. The Java Heap base address is the
#     maximum limit for the native heap growth. Please use -XX:HeapBaseMinAddress
#     to set the Java Heap base and to place the Java Heap above 4GB virtual address.
# This output file may be truncated or incomplete.
#
#  Out of Memory Error (arena.cpp:162), pid=148, tid=12868
#
# JRE version: Java(TM) SE Runtime Environment (24.0.2+12) (build 24.0.2+12-54)
# Java VM: Java HotSpot(TM) 64-Bit Server VM (24.0.2+12-54, mixed mode, sharing, tiered, compressed oops, compressed class ptrs, g1 gc, windows-amd64)
# No core dump will be written. Minidumps are not enabled by default on client versions of Windows
#

---------------  S U M M A R Y ------------

Command Line: -ea -Dfile.encoding=UTF-8 -Dstdout.encoding=UTF-8 -Dstderr.encoding=UTF-8 -XX:+ShowCodeDetailsInExceptionMessages org.testng.remote.RemoteTestNG -serport 51311 -protocol json -d C:\Users\PC\eclipse-workspace\ebay\test-output C:\Users\PC\AppData\Local\Temp\testng-eclipse--392914826\testng-customsuite.xml

Host: Intel(R) Core(TM) i7-8550U CPU @ 1.80GHz, 8 cores, 7G,  Windows 10 , 64 bit Build 19041 (10.0.19041.5915)
Time: Mon Nov  3 08:29:21 2025 India Standard Time elapsed time: 13.733606 seconds (0d 0h 0m 13s)

---------------  T H R E A D  ---------------

Current thread (0x000001c5475d2430):  JavaThread "C2 CompilerThread2" daemon [_thread_in_native, id=12868, stack(0x000000364c800000,0x000000364c900000) (1024K)]


Current CompileTask:
C2:13733 3857 %     4       sun.nio.cs.UTF_8$Encoder::encodeArrayLoopSlow @ 0 (377 bytes)

Stack: [0x000000364c800000,0x000000364c900000]
Native frames: (J=compiled Java code, j=interpreted, Vv=VM code, C=native code)
V  [jvm.dll+0x730829]  (no source info available)
V  [jvm.dll+0x8d9da3]  (no source info available)
V  [jvm.dll+0x8dc28d]  (no source info available)
V  [jvm.dll+0x8dc903]  (no source info available)
V  [jvm.dll+0x2a9f56]  (no source info available)
V  [jvm.dll+0xced7f]  (no source info available)
V  [jvm.dll+0xcefdf]  (no source info available)
V  [jvm.dll+0x154c83]  (no source info available)
V  [jvm.dll+0x73604f]  (no source info available)
V  [jvm.dll+0x26f8dc]  (no source info available)
V  [jvm.dll+0x26e8ff]  (no source info available)
V  [jvm.dll+0x1e9c90]  (no source info available)
V  [jvm.dll+0x27e0cb]  (no source info available)
V  [jvm.dll+0x27c36a]  (no source info available)
V  [jvm.dll+0x42f396]  (no source info available)
V  [jvm.dll+0x87d9eb]  (no source info available)
V  [jvm.dll+0x72ef45]  (no source info available)
C  [ucrtbase.dll+0x21bb2]  (no source info available)
C  [KERNEL32.DLL+0x17374]  (no source info available)
C  [ntdll.dll+0x4cc91]  (no source info available)

Lock stack of current Java thread (top to bottom):


---------------  P R O C E S S  ---------------

Threads class SMR info:
_java_thread_list=0x000001c546414810, length=42, elements={
0x000001c555026180, 0x000001c573c74bf0, 0x000001c573c78550, 0x000001c573c7d8f0,
0x000001c573c7c300, 0x000001c573c7e790, 0x000001c573c7b460, 0x000001c5450160f0,
0x000001c545016c70, 0x000001c573c7bbb0, 0x000001c573c7ca50, 0x000001c545df5140,
0x000001c545df3b50, 0x000001c545df8470, 0x000001c545df75d0, 0x000001c545df9a60,
0x000001c545dfa1b0, 0x000001c545df6e80, 0x000001c545df3400, 0x000001c545df42a0,
0x000001c545df49f0, 0x000001c545df5890, 0x000001c545df5fe0, 0x000001c545df7d20,
0x000001c546318960, 0x000001c54631adf0, 0x000001c5463190b0, 0x000001c546314040,
0x000001c546318210, 0x000001c546316c20, 0x000001c546319800, 0x000001c546314790,
0x000001c54631b540, 0x000001c546319f50, 0x000001c54631a6a0, 0x000001c546314ee0,
0x000001c546315630, 0x000001c546315d80, 0x000001c5463164d0, 0x000001c546317370,
0x000001c54639da90, 0x000001c5475d2430
}

Java Threads: ( => current thread )
  0x000001c555026180 JavaThread "main"                              [_thread_blocked, id=13756, stack(0x0000003648e00000,0x0000003648f00000) (1024K)]
  0x000001c573c74bf0 JavaThread "Reference Handler"          daemon [_thread_blocked, id=11628, stack(0x0000003649600000,0x0000003649700000) (1024K)]
  0x000001c573c78550 JavaThread "Finalizer"                  daemon [_thread_blocked, id=544, stack(0x0000003649700000,0x0000003649800000) (1024K)]
  0x000001c573c7d8f0 JavaThread "Signal Dispatcher"          daemon [_thread_blocked, id=11960, stack(0x0000003649800000,0x0000003649900000) (1024K)]
  0x000001c573c7c300 JavaThread "Attach Listener"            daemon [_thread_blocked, id=7664, stack(0x0000003649900000,0x0000003649a00000) (1024K)]
  0x000001c573c7e790 JavaThread "Service Thread"             daemon [_thread_blocked, id=11080, stack(0x0000003649a00000,0x0000003649b00000) (1024K)]
  0x000001c573c7b460 JavaThread "Monitor Deflation Thread"   daemon [_thread_blocked, id=500, stack(0x0000003649b00000,0x0000003649c00000) (1024K)]
  0x000001c5450160f0 JavaThread "C2 CompilerThread0"         daemon [_thread_blocked, id=13380, stack(0x0000003649c00000,0x0000003649d00000) (1024K)]
  0x000001c545016c70 JavaThread "C1 CompilerThread0"         daemon [_thread_blocked, id=11292, stack(0x0000003649d00000,0x0000003649e00000) (1024K)]
  0x000001c573c7bbb0 JavaThread "Notification Thread"        daemon [_thread_blocked, id=1748, stack(0x0000003649e00000,0x0000003649f00000) (1024K)]
  0x000001c573c7ca50 JavaThread "Common-Cleaner"             daemon [_thread_blocked, id=10044, stack(0x0000003649f00000,0x000000364a000000) (1024K)]
  0x000001c545df5140 JavaThread "ForkJoinPool.commonPool-worker-1" daemon [_thread_blocked, id=4832, stack(0x000000364aa00000,0x000000364ab00000) (1024K)]
  0x000001c545df3b50 JavaThread "HttpClient-1-SelectorManager" daemon [_thread_in_native, id=2848, stack(0x000000364ac00000,0x000000364ad00000) (1024K)]
  0x000001c545df8470 JavaThread "External Process Output Forwarder - C:\Users\PC\.cache\selenium\chromedriver\win64\141.0.7390.122\chromedriver.exe" daemon [_thread_in_native, id=672, stack(0x000000364ad00000,0x000000364ae00000) (1024K)]
  0x000001c545df75d0 JavaThread "Driver Service Executor"    daemon [_thread_blocked, id=13112, stack(0x000000364ae00000,0x000000364af00000) (1024K)]
  0x000001c545df9a60 JavaThread "Driver Service Executor"    daemon [_thread_in_native, id=12232, stack(0x000000364af00000,0x000000364b000000) (1024K)]
  0x000001c545dfa1b0 JavaThread "UrlChecker-2"               daemon [_thread_blocked, id=8924, stack(0x000000364b000000,0x000000364b100000) (1024K)]
  0x000001c545df6e80 JavaThread "Keep-Alive-Timer"           daemon [_thread_blocked, id=11548, stack(0x000000364b100000,0x000000364b200000) (1024K)]
  0x000001c545df3400 JavaThread "JdkHttpClient-0-0"          daemon [_thread_blocked, id=8008, stack(0x000000364a000000,0x000000364a100000) (1024K)]
  0x000001c545df42a0 JavaThread "CompletableFutureDelayScheduler" daemon [_thread_blocked, id=4760, stack(0x000000364b200000,0x000000364b300000) (1024K)]
  0x000001c545df49f0 JavaThread "JdkHttpClient-0-1"          daemon [_thread_blocked, id=13388, stack(0x000000364b400000,0x000000364b500000) (1024K)]
  0x000001c545df5890 JavaThread "JdkHttpClient-0-2"          daemon [_thread_blocked, id=10544, stack(0x000000364b500000,0x000000364b600000) (1024K)]
  0x000001c545df5fe0 JavaThread "JdkHttpClient-0-3"          daemon [_thread_blocked, id=13796, stack(0x000000364b600000,0x000000364b700000) (1024K)]
  0x000001c545df7d20 JavaThread "HttpClient-2-SelectorManager" daemon [_thread_in_native, id=9952, stack(0x000000364b700000,0x000000364b800000) (1024K)]
  0x000001c546318960 JavaThread "JdkHttpClient-1-0"          daemon [_thread_blocked, id=13784, stack(0x000000364b800000,0x000000364b900000) (1024K)]
  0x000001c54631adf0 JavaThread "JdkHttpClient-1-1"          daemon [_thread_blocked, id=13944, stack(0x000000364b900000,0x000000364ba00000) (1024K)]
  0x000001c5463190b0 JavaThread "JdkHttpClient-1-2"          daemon [_thread_blocked, id=3920, stack(0x000000364ba00000,0x000000364bb00000) (1024K)]
  0x000001c546314040 JavaThread "JdkHttpClient-1-3"          daemon [_thread_blocked, id=5724, stack(0x000000364bb00000,0x000000364bc00000) (1024K)]
  0x000001c546318210 JavaThread "HttpClient-3-SelectorManager" daemon [_thread_in_native, id=2460, stack(0x000000364bc00000,0x000000364bd00000) (1024K)]
  0x000001c546316c20 JavaThread "External Process Output Forwarder - C:\Users\PC\.cache\selenium\chromedriver\win64\141.0.7390.122\chromedriver.exe" daemon [_thread_in_native, id=9532, stack(0x000000364bd00000,0x000000364be00000) (1024K)]
  0x000001c546319800 JavaThread "Driver Service Executor"    daemon [_thread_blocked, id=7912, stack(0x000000364be00000,0x000000364bf00000) (1024K)]
  0x000001c546314790 JavaThread "Driver Service Executor"    daemon [_thread_in_native, id=13216, stack(0x000000364bf00000,0x000000364c000000) (1024K)]
  0x000001c54631b540 JavaThread "JdkHttpClient-2-0"          daemon [_thread_blocked, id=13696, stack(0x000000364c000000,0x000000364c100000) (1024K)]
  0x000001c546319f50 JavaThread "JdkHttpClient-2-1"          daemon [_thread_blocked, id=13692, stack(0x000000364c100000,0x000000364c200000) (1024K)]
  0x000001c54631a6a0 JavaThread "JdkHttpClient-2-2"          daemon [_thread_blocked, id=9148, stack(0x000000364c200000,0x000000364c300000) (1024K)]
  0x000001c546314ee0 JavaThread "HttpClient-4-SelectorManager" daemon [_thread_in_native, id=11900, stack(0x000000364b300000,0x000000364b400000) (1024K)]
  0x000001c546315630 JavaThread "JdkHttpClient-3-0"          daemon [_thread_blocked, id=9608, stack(0x000000364c300000,0x000000364c400000) (1024K)]
  0x000001c546315d80 JavaThread "JdkHttpClient-3-1"          daemon [_thread_blocked, id=11640, stack(0x000000364c400000,0x000000364c500000) (1024K)]
  0x000001c5463164d0 JavaThread "JdkHttpClient-3-2"          daemon [_thread_blocked, id=11576, stack(0x000000364c500000,0x000000364c600000) (1024K)]
  0x000001c546317370 JavaThread "JdkHttpClient-3-3"          daemon [_thread_blocked, id=5616, stack(0x000000364c600000,0x000000364c700000) (1024K)]
  0x000001c54639da90 JavaThread "C2 CompilerThread1"         daemon [_thread_in_native, id=3620, stack(0x000000364c700000,0x000000364c800000) (1024K)]
=>0x000001c5475d2430 JavaThread "C2 CompilerThread2"         daemon [_thread_in_native, id=12868, stack(0x000000364c800000,0x000000364c900000) (1024K)]
Total: 42

Other Threads:
  0x000001c573c625a0 VMThread "VM Thread"                           [id=12112, stack(0x0000003649500000,0x0000003649600000) (1024K)]
  0x000001c573c54530 WatcherThread "VM Periodic Task Thread"        [id=14288, stack(0x0000003649400000,0x0000003649500000) (1024K)]
  0x000001c557228c90 WorkerThread "GC Thread#0"                     [id=10268, stack(0x0000003648f00000,0x0000003649000000) (1024K)]
  0x000001c545efac00 WorkerThread "GC Thread#1"                     [id=13964, stack(0x000000364a300000,0x000000364a400000) (1024K)]
  0x000001c545efafb0 WorkerThread "GC Thread#2"                     [id=13468, stack(0x000000364a400000,0x000000364a500000) (1024K)]
  0x000001c546328740 WorkerThread "GC Thread#3"                     [id=7208, stack(0x000000364a500000,0x000000364a600000) (1024K)]
  0x000001c546195380 WorkerThread "GC Thread#4"                     [id=7776, stack(0x000000364a600000,0x000000364a700000) (1024K)]
  0x000001c5461ce000 WorkerThread "GC Thread#5"                     [id=11784, stack(0x000000364a700000,0x000000364a800000) (1024K)]
  0x000001c5461ce3b0 WorkerThread "GC Thread#6"                     [id=13688, stack(0x000000364a800000,0x000000364a900000) (1024K)]
  0x000001c5461d2d80 WorkerThread "GC Thread#7"                     [id=5332, stack(0x000000364a900000,0x000000364aa00000) (1024K)]
  0x000001c55723e150 ConcurrentGCThread "G1 Main Marker"            [id=6252, stack(0x0000003649000000,0x0000003649100000) (1024K)]
  0x000001c55723eb70 WorkerThread "G1 Conc#0"                       [id=11856, stack(0x0000003649100000,0x0000003649200000) (1024K)]
  0x000001c5463da680 WorkerThread "G1 Conc#1"                       [id=9212, stack(0x000000364ab00000,0x000000364ac00000) (1024K)]
  0x000001c573b1e400 ConcurrentGCThread "G1 Refine#0"               [id=11568, stack(0x0000003649200000,0x0000003649300000) (1024K)]
  0x000001c573b1fc40 ConcurrentGCThread "G1 Service"                [id=12336, stack(0x0000003649300000,0x0000003649400000) (1024K)]
Total: 15

Threads with active compile tasks:
C2 CompilerThread1  13875 3873       4       java.lang.AbstractStringBuilder::append (54 bytes)
C2 CompilerThread2  13875 3857 %     4       sun.nio.cs.UTF_8$Encoder::encodeArrayLoopSlow @ 0 (377 bytes)
Total: 2

VM state: not at safepoint (normal execution)

VM Mutex/Monitor currently owned by a thread: None

Heap address: 0x0000000081800000, size: 2024 MB, Compressed Oops mode: 32-bit

CDS archive(s) mapped at: [0x000001c500000000-0x000001c500d40000-0x000001c500d40000), size 13893632, SharedBaseAddress: 0x000001c500000000, ArchiveRelocationMode: 1.
Compressed class space mapped at: 0x000001c501000000-0x000001c541000000, reserved size: 1073741824
UseCompressedClassPointers 1, UseCompactObjectHeaders 0
Narrow klass pointer bits 32, Max shift 3
Narrow klass base: 0x000001c500000000, Narrow klass shift: 0
Encoding Range: [0x000001c500000000 - 0x000001c600000000), (4294967296 bytes)
Klass Range:    [0x000001c500000000 - 0x000001c541000000), (1090519040 bytes)
Klass ID Range:  [8 - 1090519033) (1090519025)

GC Precious Log:
 CardTable entry size: 512
 Card Set container configuration: InlinePtr #cards 5 size 8 Array Of Cards #cards 10 size 36 Howl #buckets 4 coarsen threshold 1843 Howl Bitmap #cards 512 size 80 coarsen threshold 460 Card regions per heap region 1 cards per card region 2048
 CPUs: 8 total, 8 available
 Memory: 8089M
 Large Page Support: Disabled
 NUMA Support: Disabled
 Compressed Oops: Enabled (32-bit)
 Heap Region Size: 1M
 Heap Min Capacity: 8M
 Heap Initial Capacity: 128M
 Heap Max Capacity: 2024M
 Pre-touch: Disabled
 Parallel Workers: 8
 Concurrent Workers: 2
 Concurrent Refinement Workers: 8
 Periodic GC: Disabled

Heap:
 garbage-first heap   total reserved 2072576K, committed 71680K, used 65286K [0x0000000081800000, 0x0000000100000000)
  region size 1024K, 49 young (50176K), 2 survivors (2048K)
 Metaspace       used 27339K, committed 27712K, reserved 1114112K
  class space    used 2868K, committed 3008K, reserved 1048576K

Heap Regions: E=young(eden), S=young(survivor), O=old, HS=humongous(starts), HC=humongous(continues), CS=collection set, F=free, TAMS=top-at-mark-start, PB=parsable bottom
|   0|0x0000000081800000, 0x0000000081900000, 0x0000000081900000|100%|HS|  |TAMS 0x0000000081800000| PB 0x0000000081800000| Complete |  0
|   1|0x0000000081900000, 0x0000000081a00000, 0x0000000081a00000|100%| O|  |TAMS 0x0000000081900000| PB 0x0000000081900000| Untracked |  0
|   2|0x0000000081a00000, 0x0000000081b00000, 0x0000000081b00000|100%| O|  |TAMS 0x0000000081a00000| PB 0x0000000081a00000| Untracked |  0
|   3|0x0000000081b00000, 0x0000000081c00000, 0x0000000081c00000|100%| O|  |TAMS 0x0000000081b00000| PB 0x0000000081b00000| Untracked |  0
|   4|0x0000000081c00000, 0x0000000081d00000, 0x0000000081d00000|100%| O|  |TAMS 0x0000000081c00000| PB 0x0000000081c00000| Untracked |  0
|   5|0x0000000081d00000, 0x0000000081e00000, 0x0000000081e00000|100%| O|  |TAMS 0x0000000081d00000| PB 0x0000000081d00000| Untracked |  0
|   6|0x0000000081e00000, 0x0000000081f00000, 0x0000000081f00000|100%| O|  |TAMS 0x0000000081e00000| PB 0x0000000081e00000| Untracked |  0
|   7|0x0000000081f00000, 0x0000000082000000, 0x0000000082000000|100%| O|  |TAMS 0x0000000081f00000| PB 0x0000000081f00000| Untracked |  0
|   8|0x0000000082000000, 0x0000000082100000, 0x0000000082100000|100%| O|  |TAMS 0x0000000082000000| PB 0x0000000082000000| Untracked |  0
|   9|0x0000000082100000, 0x0000000082200000, 0x0000000082200000|100%| O|  |TAMS 0x0000000082100000| PB 0x0000000082100000| Untracked |  0
|  10|0x0000000082200000, 0x0000000082300000, 0x0000000082300000|100%| O|  |TAMS 0x0000000082200000| PB 0x0000000082200000| Untracked |  0
|  11|0x0000000082300000, 0x0000000082400000, 0x0000000082400000|100%| O|  |TAMS 0x0000000082300000| PB 0x0000000082300000| Untracked |  0
|  12|0x0000000082400000, 0x0000000082500000, 0x0000000082500000|100%| O|  |TAMS 0x0000000082400000| PB 0x0000000082400000| Untracked |  0
|  13|0x0000000082500000, 0x0000000082600000, 0x0000000082600000|100%| O|  |TAMS 0x0000000082500000| PB 0x0000000082500000| Untracked |  0
|  14|0x0000000082600000, 0x0000000082700000, 0x0000000082700000|100%| O|  |TAMS 0x0000000082600000| PB 0x0000000082600000| Untracked |  0
|  15|0x0000000082700000, 0x0000000082800000, 0x0000000082800000|100%| O|  |TAMS 0x0000000082700000| PB 0x0000000082700000| Untracked |  0
|  16|0x0000000082800000, 0x000000008284c910, 0x0000000082900000| 29%| O|  |TAMS 0x0000000082800000| PB 0x0000000082800000| Untracked |  0
|  17|0x0000000082900000, 0x0000000082900000, 0x0000000082a00000|  0%| F|  |TAMS 0x0000000082900000| PB 0x0000000082900000| Untracked |  0
|  18|0x0000000082a00000, 0x0000000082a00000, 0x0000000082b00000|  0%| F|  |TAMS 0x0000000082a00000| PB 0x0000000082a00000| Untracked |  0
|  19|0x0000000082b00000, 0x0000000082b80000, 0x0000000082c00000| 50%| E|  |TAMS 0x0000000082b00000| PB 0x0000000082b00000| Complete |  0
|  20|0x0000000082c00000, 0x0000000082d00000, 0x0000000082d00000|100%| E|CS|TAMS 0x0000000082c00000| PB 0x0000000082c00000| Complete |  0
|  21|0x0000000082d00000, 0x0000000082e00000, 0x0000000082e00000|100%| E|CS|TAMS 0x0000000082d00000| PB 0x0000000082d00000| Complete |  0
|  22|0x0000000082e00000, 0x0000000082f00000, 0x0000000082f00000|100%| E|CS|TAMS 0x0000000082e00000| PB 0x0000000082e00000| Complete |  0
|  23|0x0000000082f00000, 0x0000000083000000, 0x0000000083000000|100%| E|CS|TAMS 0x0000000082f00000| PB 0x0000000082f00000| Complete |  0
|  24|0x0000000083000000, 0x0000000083100000, 0x0000000083100000|100%| E|CS|TAMS 0x0000000083000000| PB 0x0000000083000000| Complete |  0
|  25|0x0000000083100000, 0x0000000083200000, 0x0000000083200000|100%| E|CS|TAMS 0x0000000083100000| PB 0x0000000083100000| Complete |  0
|  26|0x0000000083200000, 0x0000000083300000, 0x0000000083300000|100%| E|CS|TAMS 0x0000000083200000| PB 0x0000000083200000| Complete |  0
|  27|0x0000000083300000, 0x0000000083400000, 0x0000000083400000|100%| E|CS|TAMS 0x0000000083300000| PB 0x0000000083300000| Complete |  0
|  28|0x0000000083400000, 0x0000000083500000, 0x0000000083500000|100%| E|CS|TAMS 0x0000000083400000| PB 0x0000000083400000| Complete |  0
|  29|0x0000000083500000, 0x0000000083600000, 0x0000000083600000|100%| E|CS|TAMS 0x0000000083500000| PB 0x0000000083500000| Complete |  0
|  30|0x0000000083600000, 0x0000000083700000, 0x0000000083700000|100%| E|CS|TAMS 0x0000000083600000| PB 0x0000000083600000| Complete |  0
|  31|0x0000000083700000, 0x0000000083800000, 0x0000000083800000|100%| E|CS|TAMS 0x0000000083700000| PB 0x0000000083700000| Complete |  0
|  32|0x0000000083800000, 0x0000000083900000, 0x0000000083900000|100%| E|CS|TAMS 0x0000000083800000| PB 0x0000000083800000| Complete |  0
|  33|0x0000000083900000, 0x0000000083a00000, 0x0000000083a00000|100%| E|CS|TAMS 0x0000000083900000| PB 0x0000000083900000| Complete |  0
|  34|0x0000000083a00000, 0x0000000083b00000, 0x0000000083b00000|100%| E|CS|TAMS 0x0000000083a00000| PB 0x0000000083a00000| Complete |  0
|  35|0x0000000083b00000, 0x0000000083c00000, 0x0000000083c00000|100%| E|CS|TAMS 0x0000000083b00000| PB 0x0000000083b00000| Complete |  0
|  36|0x0000000083c00000, 0x0000000083d00000, 0x0000000083d00000|100%| E|CS|TAMS 0x0000000083c00000| PB 0x0000000083c00000| Complete |  0
|  37|0x0000000083d00000, 0x0000000083e00000, 0x0000000083e00000|100%| E|CS|TAMS 0x0000000083d00000| PB 0x0000000083d00000| Complete |  0
|  38|0x0000000083e00000, 0x0000000083f00000, 0x0000000083f00000|100%| E|CS|TAMS 0x0000000083e00000| PB 0x0000000083e00000| Complete |  0
|  39|0x0000000083f00000, 0x0000000084000000, 0x0000000084000000|100%| E|CS|TAMS 0x0000000083f00000| PB 0x0000000083f00000| Complete |  0
|  40|0x0000000084000000, 0x0000000084100000, 0x0000000084100000|100%| E|CS|TAMS 0x0000000084000000| PB 0x0000000084000000| Complete |  0
|  41|0x0000000084100000, 0x0000000084200000, 0x0000000084200000|100%| E|CS|TAMS 0x0000000084100000| PB 0x0000000084100000| Complete |  0
|  42|0x0000000084200000, 0x0000000084300000, 0x0000000084300000|100%| E|CS|TAMS 0x0000000084200000| PB 0x0000000084200000| Complete |  0
|  43|0x0000000084300000, 0x0000000084400000, 0x0000000084400000|100%| E|CS|TAMS 0x0000000084300000| PB 0x0000000084300000| Complete |  0
|  44|0x0000000084400000, 0x0000000084500000, 0x0000000084500000|100%| E|CS|TAMS 0x0000000084400000| PB 0x0000000084400000| Complete |  0
|  45|0x0000000084500000, 0x0000000084600000, 0x0000000084600000|100%| E|CS|TAMS 0x0000000084500000| PB 0x0000000084500000| Complete |  0
|  46|0x0000000084600000, 0x0000000084700000, 0x0000000084700000|100%| E|CS|TAMS 0x0000000084600000| PB 0x0000000084600000| Complete |  0
|  47|0x0000000084700000, 0x0000000084800000, 0x0000000084800000|100%| E|CS|TAMS 0x0000000084700000| PB 0x0000000084700000| Complete |  0
|  48|0x0000000084800000, 0x0000000084900000, 0x0000000084900000|100%| E|CS|TAMS 0x0000000084800000| PB 0x0000000084800000| Complete |  0
|  49|0x0000000084900000, 0x0000000084a00000, 0x0000000084a00000|100%| E|CS|TAMS 0x0000000084900000| PB 0x0000000084900000| Complete |  0
|  50|0x0000000084a00000, 0x0000000084b00000, 0x0000000084b00000|100%| E|CS|TAMS 0x0000000084a00000| PB 0x0000000084a00000| Complete |  0
|  51|0x0000000084b00000, 0x0000000084c00000, 0x0000000084c00000|100%| E|CS|TAMS 0x0000000084b00000| PB 0x0000000084b00000| Complete |  0
|  52|0x0000000084c00000, 0x0000000084d00000, 0x0000000084d00000|100%| E|CS|TAMS 0x0000000084c00000| PB 0x0000000084c00000| Complete |  0
|  53|0x0000000084d00000, 0x0000000084e00000, 0x0000000084e00000|100%| E|CS|TAMS 0x0000000084d00000| PB 0x0000000084d00000| Complete |  0
|  54|0x0000000084e00000, 0x0000000084f00000, 0x0000000084f00000|100%| E|CS|TAMS 0x0000000084e00000| PB 0x0000000084e00000| Complete |  0
|  55|0x0000000084f00000, 0x0000000085000000, 0x0000000085000000|100%| E|CS|TAMS 0x0000000084f00000| PB 0x0000000084f00000| Complete |  0
|  56|0x0000000085000000, 0x0000000085100000, 0x0000000085100000|100%| E|CS|TAMS 0x0000000085000000| PB 0x0000000085000000| Complete |  0
|  57|0x0000000085100000, 0x0000000085200000, 0x0000000085200000|100%| E|CS|TAMS 0x0000000085100000| PB 0x0000000085100000| Complete |  0
|  58|0x0000000085200000, 0x0000000085300000, 0x0000000085300000|100%| E|CS|TAMS 0x0000000085200000| PB 0x0000000085200000| Complete |  0
|  59|0x0000000085300000, 0x0000000085400000, 0x0000000085400000|100%| E|CS|TAMS 0x0000000085300000| PB 0x0000000085300000| Complete |  0
|  60|0x0000000085400000, 0x0000000085500000, 0x0000000085500000|100%| E|CS|TAMS 0x0000000085400000| PB 0x0000000085400000| Complete |  0
|  61|0x0000000085500000, 0x0000000085600000, 0x0000000085600000|100%| E|CS|TAMS 0x0000000085500000| PB 0x0000000085500000| Complete |  0
|  62|0x0000000085600000, 0x0000000085700000, 0x0000000085700000|100%| E|CS|TAMS 0x0000000085600000| PB 0x0000000085600000| Complete |  0
|  63|0x0000000085700000, 0x0000000085800000, 0x0000000085800000|100%| E|  |TAMS 0x0000000085700000| PB 0x0000000085700000| Complete |  0
|  64|0x0000000085800000, 0x0000000085900000, 0x0000000085900000|100%| E|CS|TAMS 0x0000000085800000| PB 0x0000000085800000| Complete |  0
| 124|0x0000000089400000, 0x0000000089457d20, 0x0000000089500000| 34%| S|CS|TAMS 0x0000000089400000| PB 0x0000000089400000| Complete |  0
| 125|0x0000000089500000, 0x0000000089600000, 0x0000000089600000|100%| S|CS|TAMS 0x0000000089500000| PB 0x0000000089500000| Complete |  0
| 127|0x0000000089700000, 0x0000000089800000, 0x0000000089800000|100%| E|CS|TAMS 0x0000000089700000| PB 0x0000000089700000| Complete |  0
|2022|0x00000000ffe00000, 0x00000000fff00000, 0x00000000fff00000|100%| O|  |TAMS 0x00000000ffe00000| PB 0x00000000ffe00000| Untracked |  0
|2023|0x00000000fff00000, 0x00000000fff1d248, 0x0000000100000000| 11%| O|Cm|TAMS 0x00000000fff00000| PB 0x00000000fff00000| Complete |  0

Card table byte_map: [0x000001c56f1a0000,0x000001c56f5a0000] _byte_map_base: 0x000001c56ed94000

Marking Bits: (CMBitMap*) 0x000001c5572292b0
 Bits: [0x000001c56f5a0000, 0x000001c571540000)

Polling page: 0x000001c556990000

Metaspace:

Usage:
  Non-class:     23.90 MB used.
      Class:      2.80 MB used.
       Both:     26.70 MB used.

Virtual space:
  Non-class space:       64.00 MB reserved,      24.12 MB ( 38%) committed,  1 nodes.
      Class space:        1.00 GB reserved,       2.94 MB ( <1%) committed,  1 nodes.
             Both:        1.06 GB reserved,      27.06 MB (  2%) committed. 

Chunk freelists:
   Non-Class:  7.44 MB
       Class:  13.03 MB
        Both:  20.47 MB

MaxMetaspaceSize: unlimited
CompressedClassSpaceSize: 1.00 GB
Initial GC threshold: 21.00 MB
Current GC threshold: 35.56 MB
CDS: on
 - commit_granule_bytes: 65536.
 - commit_granule_words: 8192.
 - virtual_space_node_default_size: 8388608.
 - enlarge_chunks_in_place: 1.
UseCompressedClassPointers 1, UseCompactObjectHeaders 0
Narrow klass pointer bits 32, Max shift 3
Narrow klass base: 0x000001c500000000, Narrow klass shift: 0
Encoding Range: [0x000001c500000000 - 0x000001c600000000), (4294967296 bytes)
Klass Range:    [0x000001c500000000 - 0x000001c541000000), (1090519040 bytes)
Klass ID Range:  [8 - 1090519033) (1090519025)


Internal statistics:

num_allocs_failed_limit: 3.
num_arena_births: 388.
num_arena_deaths: 0.
num_vsnodes_births: 2.
num_vsnodes_deaths: 0.
num_space_committed: 433.
num_space_uncommitted: 0.
num_chunks_returned_to_freelist: 3.
num_chunks_taken_from_freelist: 1202.
num_chunk_merges: 0.
num_chunk_splits: 760.
num_chunks_enlarged: 541.
num_inconsistent_stats: 0.

CodeHeap 'non-profiled nmethods': size=120064Kb used=1462Kb max_used=1462Kb free=118601Kb
 bounds [0x000001c567530000, 0x000001c5677a0000, 0x000001c56ea70000]
CodeHeap 'profiled nmethods': size=120000Kb used=6559Kb max_used=6559Kb free=113440Kb
 bounds [0x000001c55fa70000, 0x000001c5600e0000, 0x000001c566fa0000]
CodeHeap 'non-nmethods': size=5696Kb used=1465Kb max_used=1506Kb free=4230Kb
 bounds [0x000001c566fa0000, 0x000001c567210000, 0x000001c567530000]
CodeCache: size=245760Kb, used=9486Kb, max_used=9527Kb, free=236271Kb
 total_blobs=4514, nmethods=3894, adapters=523, full_count=0
Compilation: enabled, stopped_count=0, restarted_count=0

Compilation events (20 events):
Event: 13.696 Thread 0x000001c545016c70 3854       3       java.net.URL::isValidProtocol (78 bytes)
Event: 13.699 Thread 0x000001c545016c70 nmethod 3854 0x000001c5600c8a08 code [0x000001c5600c8ca0, 0x000001c5600ca180]
Event: 13.699 Thread 0x000001c545016c70 3853       3       java.util.concurrent.ConcurrentHashMap$ValuesView::iterator (34 bytes)
Event: 13.699 Thread 0x000001c545016c70 nmethod 3853 0x000001c5600ca288 code [0x000001c5600ca3c0, 0x000001c5600ca5d8]
Event: 13.699 Thread 0x000001c545016c70 3855       3       java.net.URL::<init> (7 bytes)
Event: 13.700 Thread 0x000001c545016c70 nmethod 3855 0x000001c5600ca608 code [0x000001c5600ca740, 0x000001c5600ca8f0]
Event: 13.700 Thread 0x000001c5450160f0 nmethod 3848 0x000001c56769a508 code [0x000001c56769a620, 0x000001c56769a9a8]
Event: 13.702 Thread 0x000001c5450160f0 3856 %     4       java.lang.StringUTF16::getChars @ 16 (42 bytes)
Event: 13.703 Thread 0x000001c5475d2430 3857 %     4       sun.nio.cs.UTF_8$Encoder::encodeArrayLoopSlow @ 0 (377 bytes)
Event: 13.704 Thread 0x000001c545016c70 3858       3       sun.security.provider.SHA2::resetHashes (19 bytes)
Event: 13.704 Thread 0x000001c545016c70 nmethod 3858 0x000001c5600ca908 code [0x000001c5600caa20, 0x000001c5600cabd0]
Event: 13.718 Thread 0x000001c5450160f0 nmethod 3856% 0x000001c56769aa08 code [0x000001c56769ab20, 0x000001c56769aed0]
Event: 13.725 Thread 0x000001c545016c70 3859       1       jdk.internal.classfile.impl.AbstractPoolEntry$InterfaceMethodRefEntryImpl::tag (3 bytes)
Event: 13.725 Thread 0x000001c545016c70 nmethod 3859 0x000001c56769af08 code [0x000001c56769b000, 0x000001c56769b0c8]
Event: 13.728 Thread 0x000001c545016c70 3861       3       java.util.Dictionary::<init> (5 bytes)
Event: 13.728 Thread 0x000001c545016c70 nmethod 3861 0x000001c5600cac08 code [0x000001c5600cad20, 0x000001c5600cae80]
Event: 13.728 Thread 0x000001c545016c70 3862       3       java.util.regex.Pattern$StartS::match (138 bytes)
Event: 13.729 Thread 0x000001c545016c70 nmethod 3862 0x000001c5600caf08 code [0x000001c5600cb0c0, 0x000001c5600cbaf8]
Event: 13.730 Thread 0x000001c545016c70 3863       3       java.io.File::exists (18 bytes)
Event: 13.730 Thread 0x000001c545016c70 nmethod 3863 0x000001c5600cbb88 code [0x000001c5600cbce0, 0x000001c5600cc0d8]

GC Heap History (6 events):
Event: 2.062 GC heap before
{Heap before GC invocations=0 (full 0):
 garbage-first heap   total reserved 2072576K, committed 133120K, used 50292K [0x0000000081800000, 0x0000000100000000)
  region size 1024K, 47 young (48128K), 0 survivors (0K)
 Metaspace       used 13100K, committed 13312K, reserved 1114112K
  class space    used 1264K, committed 1344K, reserved 1048576K
}
Event: 2.073 GC heap after
{Heap after GC invocations=1 (full 0):
 garbage-first heap   total reserved 2072576K, committed 133120K, used 8680K [0x0000000081800000, 0x0000000100000000)
  region size 1024K, 6 young (6144K), 6 survivors (6144K)
 Metaspace       used 13100K, committed 13312K, reserved 1114112K
  class space    used 1264K, committed 1344K, reserved 1048576K
}
Event: 3.506 GC heap before
{Heap before GC invocations=1 (full 0):
 garbage-first heap   total reserved 2072576K, committed 133120K, used 61928K [0x0000000081800000, 0x0000000100000000)
  region size 1024K, 59 young (60416K), 6 survivors (6144K)
 Metaspace       used 20562K, committed 20800K, reserved 1114112K
  class space    used 1988K, committed 2112K, reserved 1048576K
}
Event: 3.526 GC heap after
{Heap after GC invocations=2 (full 0):
 garbage-first heap   total reserved 2072576K, committed 133120K, used 17492K [0x0000000081800000, 0x0000000100000000)
  region size 1024K, 8 young (8192K), 8 survivors (8192K)
 Metaspace       used 20562K, committed 20800K, reserved 1114112K
  class space    used 1988K, committed 2112K, reserved 1048576K
}
Event: 3.595 GC heap before
{Heap before GC invocations=2 (full 0):
 garbage-first heap   total reserved 2072576K, committed 133120K, used 18516K [0x0000000081800000, 0x0000000100000000)
  region size 1024K, 10 young (10240K), 8 survivors (8192K)
 Metaspace       used 21204K, committed 21504K, reserved 1114112K
  class space    used 2071K, committed 2240K, reserved 1048576K
}
Event: 3.606 GC heap after
{Heap after GC invocations=3 (full 0):
 garbage-first heap   total reserved 2072576K, committed 133120K, used 19206K [0x0000000081800000, 0x0000000100000000)
  region size 1024K, 2 young (2048K), 2 survivors (2048K)
 Metaspace       used 21204K, committed 21504K, reserved 1114112K
  class space    used 2071K, committed 2240K, reserved 1048576K
}

Dll operation events (11 events):
Event: 0.015 Loaded shared library C:\Program Files\Java\jdk-24\bin\java.dll
Event: 0.062 Loaded shared library C:\Program Files\Java\jdk-24\bin\jsvml.dll
Event: 0.193 Loaded shared library C:\Program Files\Java\jdk-24\bin\net.dll
Event: 0.196 Loaded shared library C:\Program Files\Java\jdk-24\bin\nio.dll
Event: 0.228 Loaded shared library C:\Program Files\Java\jdk-24\bin\zip.dll
Event: 0.444 Loaded shared library C:\Program Files\Java\jdk-24\bin\jimage.dll
Event: 0.745 Loaded shared library C:\Program Files\Java\jdk-24\bin\extnet.dll
Event: 3.006 Loaded shared library C:\Program Files\Java\jdk-24\bin\verify.dll
Event: 3.547 Loaded shared library C:\Program Files\Java\jdk-24\bin\management.dll
Event: 3.549 Loaded shared library C:\Program Files\Java\jdk-24\bin\management_ext.dll
Event: 3.729 Loaded shared library C:\Program Files\Java\jdk-24\bin\sunmscapi.dll

Deoptimization events (20 events):
Event: 13.534 Thread 0x000001c555026180 DEOPT PACKING pc=0x000001c560013252 sp=0x0000003648efddd0
Event: 13.534 Thread 0x000001c555026180 DEOPT UNPACKING pc=0x000001c566ff5722 sp=0x0000003648efd240 mode 0
Event: 13.534 Thread 0x000001c555026180 DEOPT PACKING pc=0x000001c560013252 sp=0x0000003648efddd0
Event: 13.534 Thread 0x000001c555026180 DEOPT UNPACKING pc=0x000001c566ff5722 sp=0x0000003648efd240 mode 0
Event: 13.535 Thread 0x000001c555026180 DEOPT PACKING pc=0x000001c560013252 sp=0x0000003648efddd0
Event: 13.535 Thread 0x000001c555026180 DEOPT UNPACKING pc=0x000001c566ff5722 sp=0x0000003648efd240 mode 0
Event: 13.549 Thread 0x000001c555026180 Uncommon trap: trap_request=0xffffff4d fr.pc=0x000001c5676502d8 relative=0x00000000000000b8
Event: 13.549 Thread 0x000001c555026180 Uncommon trap: reason=unstable_if action=reinterpret pc=0x000001c5676502d8 method=java.lang.String.codePointAt(I)I @ 4 c2
Event: 13.549 Thread 0x000001c555026180 DEOPT PACKING pc=0x000001c5676502d8 sp=0x0000003648efe610
Event: 13.549 Thread 0x000001c555026180 DEOPT UNPACKING pc=0x000001c5670b5982 sp=0x0000003648efe598 mode 2
Event: 13.579 Thread 0x000001c555026180 Uncommon trap: trap_request=0xffffff6e fr.pc=0x000001c56768ed20 relative=0x0000000000000a20
Event: 13.579 Thread 0x000001c555026180 Uncommon trap: reason=loop_limit_check action=maybe_recompile pc=0x000001c56768ed20 method=jdk.internal.classfile.impl.AttributeHolder.withAttribute(Ljava/lang/classfile/Attribute;)V @ 39 c2
Event: 13.579 Thread 0x000001c555026180 DEOPT PACKING pc=0x000001c56768ed20 sp=0x0000003648efd870
Event: 13.579 Thread 0x000001c555026180 DEOPT UNPACKING pc=0x000001c5670b5982 sp=0x0000003648efd840 mode 2
Event: 13.650 Thread 0x000001c555026180 DEOPT PACKING pc=0x000001c55faed97a sp=0x0000003648efeca0
Event: 13.650 Thread 0x000001c555026180 DEOPT UNPACKING pc=0x000001c566ff5722 sp=0x0000003648efe1a8 mode 0
Event: 13.660 Thread 0x000001c555026180 Uncommon trap: trap_request=0xffffff4d fr.pc=0x000001c567631788 relative=0x0000000000000068
Event: 13.660 Thread 0x000001c555026180 Uncommon trap: reason=unstable_if action=reinterpret pc=0x000001c567631788 method=java.lang.Integer.equals(Ljava/lang/Object;)Z @ 20 c2
Event: 13.660 Thread 0x000001c555026180 DEOPT PACKING pc=0x000001c567631788 sp=0x0000003648efef70
Event: 13.660 Thread 0x000001c555026180 DEOPT UNPACKING pc=0x000001c5670b5982 sp=0x0000003648efef00 mode 2

Classes loaded (20 events):
Event: 13.552 Loading class java/io/FileReader
Event: 13.552 Loading class java/io/FileReader done
Event: 13.559 Loading class java/net/InetAddress$CachedLocalHost
Event: 13.559 Loading class java/net/InetAddress$CachedLocalHost done
Event: 13.561 Loading class java/text/StringCharacterIterator
Event: 13.561 Loading class java/text/CharacterIterator
Event: 13.562 Loading class java/text/CharacterIterator done
Event: 13.562 Loading class java/text/StringCharacterIterator done
Event: 13.562 Loading class java/util/concurrent/ConcurrentLinkedDeque$Itr
Event: 13.562 Loading class java/util/concurrent/ConcurrentLinkedDeque$AbstractItr
Event: 13.562 Loading class java/util/concurrent/ConcurrentLinkedDeque$AbstractItr done
Event: 13.562 Loading class java/util/concurrent/ConcurrentLinkedDeque$Itr done
Event: 13.671 Loading class java/nio/file/StandardCopyOption
Event: 13.672 Loading class java/nio/file/StandardCopyOption done
Event: 13.672 Loading class sun/nio/fs/WindowsChannelFactory$2
Event: 13.672 Loading class sun/nio/fs/WindowsChannelFactory$2 done
Event: 13.673 Loading class sun/nio/ch/ChannelOutputStream
Event: 13.673 Loading class sun/nio/ch/ChannelOutputStream done
Event: 13.701 Loading class java/io/BufferedReader$1
Event: 13.701 Loading class java/io/BufferedReader$1 done

Classes unloaded (0 events):
No events

Classes redefined (0 events):
No events

Internal exceptions (20 events):
Event: 3.818 Thread 0x000001c555026180 Exception <a 'java/lang/NoSuchMethodError'{0x0000000085227558}: 'java.lang.Object java.lang.invoke.DirectMethodHandle$Holder.invokeStaticInit(java.lang.Object, long, java.lang.Object)'> (0x0000000085227558) 
thrown [s\open\src\hotspot\share\interpreter\linkResolver.cpp, line 805]
Event: 3.838 Thread 0x000001c545dfa1b0 Exception <a 'java/net/ConnectException'{0x000000008518ca60}: Connection refused: getsockopt> (0x000000008518ca60) 
thrown [s\open\src\hotspot\share\prims\jni.cpp, line 536]
Event: 3.851 Thread 0x000001c545dfa1b0 Exception <a 'java/net/ConnectException'{0x000000008518dc38}: Connection refused: getsockopt> (0x000000008518dc38) 
thrown [s\open\src\hotspot\share\prims\jni.cpp, line 536]
Event: 3.872 Thread 0x000001c545dfa1b0 Exception <a 'java/net/ConnectException'{0x000000008518eb58}: Connection refused: getsockopt> (0x000000008518eb58) 
thrown [s\open\src\hotspot\share\prims\jni.cpp, line 536]
Event: 3.950 Thread 0x000001c555026180 Exception <a 'java/lang/NoSuchMethodError'{0x00000000850b6c90}: 'double java.lang.invoke.DirectMethodHandle$Holder.invokeVirtual(java.lang.Object, java.lang.Object)'> (0x00000000850b6c90) 
thrown [s\open\src\hotspot\share\interpreter\linkResolver.cpp, line 805]
Event: 3.951 Thread 0x000001c555026180 Exception <a 'java/lang/NoSuchMethodError'{0x00000000850c6690}: 'float java.lang.invoke.DirectMethodHandle$Holder.invokeVirtual(java.lang.Object, java.lang.Object)'> (0x00000000850c6690) 
thrown [s\open\src\hotspot\share\interpreter\linkResolver.cpp, line 805]
Event: 3.951 Thread 0x000001c555026180 Exception <a 'java/lang/NoSuchMethodError'{0x00000000850dd418}: 'long java.lang.invoke.DirectMethodHandle$Holder.invokeVirtual(java.lang.Object, java.lang.Object)'> (0x00000000850dd418) 
thrown [s\open\src\hotspot\share\interpreter\linkResolver.cpp, line 805]
Event: 3.979 Thread 0x000001c555026180 Exception <a 'java/lang/NoSuchMethodError'{0x0000000084efe600}: 'java.lang.Object java.lang.invoke.DirectMethodHandle$Holder.newInvokeSpecial(java.lang.Object, java.lang.Object, int, int)'> (0x0000000084efe600) 
thrown [s\open\src\hotspot\share\interpreter\linkResolver.cpp, line 805]
Event: 3.980 Thread 0x000001c555026180 Exception <a 'java/lang/NoSuchMethodError'{0x0000000084d10288}: 'void java.lang.invoke.DirectMethodHandle$Holder.invokeStatic(java.lang.Object, java.lang.Object, int)'> (0x0000000084d10288) 
thrown [s\open\src\hotspot\share\interpreter\linkResolver.cpp, line 805]
Event: 4.025 Thread 0x000001c545df3400 Exception <a 'java/lang/NoSuchMethodError'{0x0000000084cbe020}: 'void java.lang.invoke.DirectMethodHandle$Holder.invokeStatic(java.lang.Object, java.lang.Object, java.lang.Object, java.lang.Object, java.lang.Object, java.lang.Object, java.lang.Object)'> (0x0000000084cbe020) 
thrown [s\open\src\hotspot\share\interpreter\linkResolver.cpp, line 805]
Event: 4.047 Thread 0x000001c545df3400 Exception <a 'java/lang/NoSuchMethodError'{0x0000000084bc7988}: 'java.lang.Object java.lang.invoke.DirectMethodHandle$Holder.invokeSpecial(java.lang.Object, java.lang.Object, java.lang.Object, java.lang.Object, java.lang.Object, int)'> (0x0000000084bc7988) 
thrown [s\open\src\hotspot\share\interpreter\linkResolver.cpp, line 805]
Event: 4.079 Thread 0x000001c545df3400 Exception <a 'java/lang/NoSuchMethodError'{0x0000000084ab2838}: 'long java.lang.invoke.DirectMethodHandle$Holder.invokeStatic(java.lang.Object, long, long)'> (0x0000000084ab2838) 
thrown [s\open\src\hotspot\share\interpreter\linkResolver.cpp, line 805]
Event: 4.085 Thread 0x000001c545df3b50 Exception <a 'java/lang/NoSuchMethodError'{0x00000000854c20c0}: 'int java.lang.invoke.DirectMethodHandle$Holder.invokeStatic(java.lang.Object, int, java.lang.Object)'> (0x00000000854c20c0) 
thrown [s\open\src\hotspot\share\interpreter\linkResolver.cpp, line 805]
Event: 5.135 Thread 0x000001c555026180 Exception <a 'java/lang/NoSuchMethodError'{0x00000000844c0d68}: 'java.lang.Object java.lang.invoke.DirectMethodHandle$Holder.invokeSpecialIFC(java.lang.Object, java.lang.Object, java.lang.Object)'> (0x00000000844c0d68) 
thrown [s\open\src\hotspot\share\interpreter\linkResolver.cpp, line 805]
Event: 5.312 Thread 0x000001c555026180 Exception <a 'java/lang/ClassNotFoundException'{0x0000000083ec2e48}: sun/util/logging/resources/spi/loggingProvider> (0x0000000083ec2e48) 
thrown [s\open\src\hotspot\share\classfile\systemDictionary.cpp, line 327]
Event: 7.122 Thread 0x000001c555026180 Exception <a 'java/lang/NoSuchMethodError'{0x0000000083cc1d08}: 'void java.lang.invoke.DirectMethodHandle$Holder.invokeStaticInit(java.lang.Object, java.lang.Object)'> (0x0000000083cc1d08) 
thrown [s\open\src\hotspot\share\interpreter\linkResolver.cpp, line 805]
Event: 8.506 Thread 0x000001c545dfa1b0 Exception <a 'java/net/ConnectException'{0x00000000851a15e8}: Connection refused: getsockopt> (0x00000000851a15e8) 
thrown [s\open\src\hotspot\share\prims\jni.cpp, line 536]
Event: 8.518 Thread 0x000001c545dfa1b0 Exception <a 'java/net/ConnectException'{0x00000000851a25b8}: Connection refused: getsockopt> (0x00000000851a25b8) 
thrown [s\open\src\hotspot\share\prims\jni.cpp, line 536]
Event: 8.540 Thread 0x000001c545dfa1b0 Exception <a 'java/net/ConnectException'{0x00000000851a3588}: Connection refused: getsockopt> (0x00000000851a3588) 
thrown [s\open\src\hotspot\share\prims\jni.cpp, line 536]
Event: 13.634 Thread 0x000001c555026180 Exception <a 'java/lang/NoSuchMethodError'{0x0000000082f05b38}: 'java.lang.Object java.lang.invoke.DelegatingMethodHandle$Holder.reinvoke_L(java.lang.Object, java.lang.Object, int, java.lang.Object, java.lang.Object)'> (0x0000000082f05b38) 
thrown [s\open\src\hotspot\share\interpreter\linkResolver.cpp, line 805]

VM Operations (20 events):
Event: 3.157 Executing VM operation: HandshakeAllThreads (Deoptimize)
Event: 3.157 Executing VM operation: HandshakeAllThreads (Deoptimize) done
Event: 3.419 Executing VM operation: HandshakeAllThreads (Deoptimize)
Event: 3.420 Executing VM operation: HandshakeAllThreads (Deoptimize) done
Event: 3.506 Executing VM operation: G1CollectForAllocation (G1 Evacuation Pause)
Event: 3.526 Executing VM operation: G1CollectForAllocation (G1 Evacuation Pause) done
Event: 3.595 Executing VM operation: CollectForMetadataAllocation (Metadata GC Threshold)
Event: 3.607 Executing VM operation: CollectForMetadataAllocation (Metadata GC Threshold) done
Event: 3.627 Executing VM operation: G1PauseRemark
Event: 3.630 Executing VM operation: G1PauseRemark done
Event: 3.641 Executing VM operation: G1PauseCleanup
Event: 3.641 Executing VM operation: G1PauseCleanup done
Event: 3.922 Executing VM operation: HandshakeAllThreads (Deoptimize)
Event: 3.922 Executing VM operation: HandshakeAllThreads (Deoptimize) done
Event: 3.925 Executing VM operation: HandshakeAllThreads (Deoptimize)
Event: 3.925 Executing VM operation: HandshakeAllThreads (Deoptimize) done
Event: 5.058 Executing VM operation: HandshakeAllThreads (Deoptimize)
Event: 5.059 Executing VM operation: HandshakeAllThreads (Deoptimize) done
Event: 5.071 Executing VM operation: HandshakeAllThreads (Deoptimize)
Event: 5.071 Executing VM operation: HandshakeAllThreads (Deoptimize) done

Memory protections (0 events):
No events

Nmethod flushes (0 events):
No events

Events (20 events):
Event: 6.960 Thread 0x000001c54663a050 Thread exited: 0x000001c54663a050
Event: 7.039 Thread 0x000001c545016c70 Thread added: 0x000001c54663a050
Event: 8.333 Thread 0x000001c54663a050 Thread exited: 0x000001c54663a050
Event: 8.492 Thread 0x000001c545016c70 Thread added: 0x000001c547a2a2a0
Event: 8.494 Thread 0x000001c555026180 Thread added: 0x000001c546318210
Event: 8.503 Thread 0x000001c555026180 Thread added: 0x000001c546316c20
Event: 8.503 Thread 0x000001c555026180 Thread added: 0x000001c546319800
Event: 8.503 Thread 0x000001c555026180 Thread added: 0x000001c546314790
Event: 8.587 Thread 0x000001c555026180 Thread added: 0x000001c54631b540
Event: 8.591 Thread 0x000001c546318210 Thread added: 0x000001c546319f50
Event: 8.592 Thread 0x000001c546318210 Thread added: 0x000001c54631a6a0
Event: 9.542 Thread 0x000001c547a2a2a0 Thread exited: 0x000001c547a2a2a0
Event: 9.563 Thread 0x000001c555026180 Thread added: 0x000001c546314ee0
Event: 9.563 Thread 0x000001c555026180 Thread added: 0x000001c546315630
Event: 9.567 Thread 0x000001c546314ee0 Thread added: 0x000001c546315d80
Event: 9.568 Thread 0x000001c546314ee0 Thread added: 0x000001c5463164d0
Event: 9.569 Thread 0x000001c546314ee0 Thread added: 0x000001c546317370
Event: 13.574 Thread 0x000001c545016c70 Thread added: 0x000001c54639da90
Event: 13.576 Thread 0x000001c545016c70 Thread added: 0x000001c5475d2430
Event: 13.620 Thread 0x000001c573c7d1a0 Thread exited: 0x000001c573c7d1a0


Dynamic libraries:
0x00007ff7842e0000 - 0x00007ff7842f0000 	C:\Program Files\Java\jdk-24\bin\javaw.exe
0x00007ffd8b8b0000 - 0x00007ffd8baa8000 	C:\WINDOWS\SYSTEM32\ntdll.dll
0x00007ffd89a80000 - 0x00007ffd89b42000 	C:\WINDOWS\System32\KERNEL32.DLL
0x00007ffd89220000 - 0x00007ffd89516000 	C:\WINDOWS\System32\KERNELBASE.dll
0x00007ffd897d0000 - 0x00007ffd898d0000 	C:\WINDOWS\System32\ucrtbase.dll
0x00007ffd85040000 - 0x00007ffd85056000 	C:\Program Files\Java\jdk-24\bin\jli.dll
0x00007ffd85020000 - 0x00007ffd8503b000 	C:\Program Files\Java\jdk-24\bin\VCRUNTIME140.dll
0x00007ffd898d0000 - 0x00007ffd89a71000 	C:\WINDOWS\System32\USER32.dll
0x00007ffd76ec0000 - 0x00007ffd7715b000 	C:\WINDOWS\WinSxS\amd64_microsoft.windows.common-controls_6595b64144ccf1df_6.0.19041.6456_none_60b8a6cb71f64256\COMCTL32.dll
0x00007ffd89090000 - 0x00007ffd890b2000 	C:\WINDOWS\System32\win32u.dll
0x00007ffd89bc0000 - 0x00007ffd89beb000 	C:\WINDOWS\System32\GDI32.dll
0x00007ffd8af80000 - 0x00007ffd8b01e000 	C:\WINDOWS\System32\msvcrt.dll
0x00007ffd89520000 - 0x00007ffd89639000 	C:\WINDOWS\System32\gdi32full.dll
0x00007ffd88f40000 - 0x00007ffd88fdd000 	C:\WINDOWS\System32\msvcp_win.dll
0x00007ffd8b300000 - 0x00007ffd8b32f000 	C:\WINDOWS\System32\IMM32.DLL
0x00007ffd84ee0000 - 0x00007ffd84eec000 	C:\Program Files\Java\jdk-24\bin\vcruntime140_1.dll
0x00007ffd825c0000 - 0x00007ffd8264e000 	C:\Program Files\Java\jdk-24\bin\msvcp140.dll
0x00007ffd60330000 - 0x00007ffd610d1000 	C:\Program Files\Java\jdk-24\bin\server\jvm.dll
0x00007ffd8ab40000 - 0x00007ffd8abf1000 	C:\WINDOWS\System32\ADVAPI32.dll
0x00007ffd8ac00000 - 0x00007ffd8ac9f000 	C:\WINDOWS\System32\sechost.dll
0x00007ffd89c00000 - 0x00007ffd89d20000 	C:\WINDOWS\System32\RPCRT4.dll
0x00007ffd88fe0000 - 0x00007ffd89007000 	C:\WINDOWS\System32\bcrypt.dll
0x00007ffd8aad0000 - 0x00007ffd8ab3b000 	C:\WINDOWS\System32\WS2_32.dll
0x00007ffd88440000 - 0x00007ffd8848b000 	C:\WINDOWS\SYSTEM32\POWRPROF.dll
0x00007ffd76290000 - 0x00007ffd762b7000 	C:\WINDOWS\SYSTEM32\WINMM.dll
0x00007ffd80fc0000 - 0x00007ffd80fca000 	C:\WINDOWS\SYSTEM32\VERSION.dll
0x00007ffd88300000 - 0x00007ffd88312000 	C:\WINDOWS\SYSTEM32\UMPDC.dll
0x00007ffd87710000 - 0x00007ffd87722000 	C:\WINDOWS\SYSTEM32\kernel.appcore.dll
0x00007ffd84ed0000 - 0x00007ffd84eda000 	C:\Program Files\Java\jdk-24\bin\jimage.dll
0x00007ffd87400000 - 0x00007ffd87601000 	C:\WINDOWS\SYSTEM32\DBGHELP.DLL
0x00007ffd77800000 - 0x00007ffd77834000 	C:\WINDOWS\SYSTEM32\dbgcore.DLL
0x00007ffd89640000 - 0x00007ffd896c2000 	C:\WINDOWS\System32\bcryptPrimitives.dll
0x00007ffd84d60000 - 0x00007ffd84d7e000 	C:\Program Files\Java\jdk-24\bin\java.dll
0x00007ffd8ae50000 - 0x00007ffd8af7b000 	C:\WINDOWS\System32\ole32.dll
0x00007ffd89e60000 - 0x00007ffd8a1b4000 	C:\WINDOWS\System32\combase.dll
0x00007ffd8a1d0000 - 0x00007ffd8a940000 	C:\WINDOWS\System32\SHELL32.dll
0x00007ffd86c40000 - 0x00007ffd873e5000 	C:\WINDOWS\SYSTEM32\windows.storage.dll
0x00007ffd88890000 - 0x00007ffd888bb000 	C:\WINDOWS\SYSTEM32\Wldp.dll
0x00007ffd8b330000 - 0x00007ffd8b3fd000 	C:\WINDOWS\System32\OLEAUT32.dll
0x00007ffd8b1d0000 - 0x00007ffd8b27d000 	C:\WINDOWS\System32\SHCORE.dll
0x00007ffd89b50000 - 0x00007ffd89bab000 	C:\WINDOWS\System32\shlwapi.dll
0x00007ffd88e70000 - 0x00007ffd88e94000 	C:\WINDOWS\SYSTEM32\profapi.dll
0x00007ffd63590000 - 0x00007ffd63667000 	C:\Program Files\Java\jdk-24\bin\jsvml.dll
0x00007ffd84ec0000 - 0x00007ffd84ed0000 	C:\Program Files\Java\jdk-24\bin\net.dll
0x00007ffd88670000 - 0x00007ffd886da000 	C:\WINDOWS\system32\mswsock.dll
0x00007ffd84d40000 - 0x00007ffd84d56000 	C:\Program Files\Java\jdk-24\bin\nio.dll
0x00007ffd84d20000 - 0x00007ffd84d37000 	C:\Program Files\Java\jdk-24\bin\zip.dll
0x00007ffd88370000 - 0x00007ffd8843a000 	C:\WINDOWS\SYSTEM32\DNSAPI.dll
0x00007ffd88320000 - 0x00007ffd8835b000 	C:\WINDOWS\SYSTEM32\IPHLPAPI.DLL
0x00007ffd89bb0000 - 0x00007ffd89bb8000 	C:\WINDOWS\System32\NSI.dll
0x00007ffd77460000 - 0x00007ffd7746a000 	C:\Windows\System32\rasadhlp.dll
0x00007ffd75b50000 - 0x00007ffd75bd0000 	C:\WINDOWS\System32\fwpuclnt.dll
0x00007ffd84e40000 - 0x00007ffd84e49000 	C:\Program Files\Java\jdk-24\bin\extnet.dll
0x00007ffd888d0000 - 0x00007ffd888e8000 	C:\WINDOWS\SYSTEM32\CRYPTSP.dll
0x00007ffd87f40000 - 0x00007ffd87f78000 	C:\WINDOWS\system32\rsaenh.dll
0x00007ffd88e30000 - 0x00007ffd88e5e000 	C:\WINDOWS\SYSTEM32\USERENV.dll
0x00007ffd88800000 - 0x00007ffd8880c000 	C:\WINDOWS\SYSTEM32\CRYPTBASE.dll
0x00007ffd84680000 - 0x00007ffd84690000 	C:\Program Files\Java\jdk-24\bin\verify.dll
0x00007ffd82b50000 - 0x00007ffd82b5a000 	C:\Program Files\Java\jdk-24\bin\management.dll
0x00007ffd82b40000 - 0x00007ffd82b4b000 	C:\Program Files\Java\jdk-24\bin\management_ext.dll
0x00007ffd89bf0000 - 0x00007ffd89bf8000 	C:\WINDOWS\System32\PSAPI.DLL
0x00007ffd82b30000 - 0x00007ffd82b3e000 	C:\Program Files\Java\jdk-24\bin\sunmscapi.dll
0x00007ffd890c0000 - 0x00007ffd8921d000 	C:\WINDOWS\System32\CRYPT32.dll
0x00007ffd889e0000 - 0x00007ffd88a07000 	C:\WINDOWS\SYSTEM32\ncrypt.dll
0x00007ffd889a0000 - 0x00007ffd889db000 	C:\WINDOWS\SYSTEM32\NTASN1.dll
0x00007ffd35d00000 - 0x00007ffd35d07000 	C:\WINDOWS\system32\wshunix.dll
0x00007ffd65a70000 - 0x00007ffd65a87000 	C:\WINDOWS\system32\napinsp.dll
0x00007ffd65a50000 - 0x00007ffd65a6b000 	C:\WINDOWS\system32\pnrpnsp.dll
0x00007ffd65a30000 - 0x00007ffd65a4d000 	C:\WINDOWS\system32\wshbth.dll
0x00007ffd849d0000 - 0x00007ffd849ed000 	C:\WINDOWS\system32\NLAapi.dll
0x00007ffd65a10000 - 0x00007ffd65a22000 	C:\WINDOWS\System32\winrnr.dll

JVMTI agents: none

dbghelp: loaded successfully - version: 4.0.5 - missing functions: none
symbol engine: initialized successfully - sym options: 0x614 - pdb path: .;C:\Program Files\Java\jdk-24\bin;C:\WINDOWS\SYSTEM32;C:\WINDOWS\WinSxS\amd64_microsoft.windows.common-controls_6595b64144ccf1df_6.0.19041.6456_none_60b8a6cb71f64256;C:\Program Files\Java\jdk-24\bin\server

VM Arguments:
jvm_args: -ea -Dfile.encoding=UTF-8 -Dstdout.encoding=UTF-8 -Dstderr.encoding=UTF-8 -XX:+ShowCodeDetailsInExceptionMessages 
java_command: org.testng.remote.RemoteTestNG -serport 51311 -protocol json -d C:\Users\PC\eclipse-workspace\ebay\test-output C:\Users\PC\AppData\Local\Temp\testng-eclipse--392914826\testng-customsuite.xml
java_class_path (initial): C:\Users\PC\eclipse\java-2025-06\eclipse\configuration\org.eclipse.osgi\561\0\.cp\lib\testng-remote.jar;C:\Users\PC\eclipse-workspace\ebay\target\test-classes;C:\Users\PC\eclipse-workspace\ebay\target\classes;C:\Users\PC\.m2\repository\io\cucumber\cucumber-testng\7.30.0\cucumber-testng-7.30.0.jar;C:\Users\PC\.m2\repository\org\apiguardian\apiguardian-api\1.1.2\apiguardian-api-1.1.2.jar;C:\Users\PC\.m2\repository\io\cucumber\cucumber-core\7.30.0\cucumber-core-7.30.0.jar;C:\Users\PC\.m2\repository\io\cucumber\cucumber-gherkin\7.30.0\cucumber-gherkin-7.30.0.jar;C:\Users\PC\.m2\repository\io\cucumber\cucumber-gherkin-messages\7.30.0\cucumber-gherkin-messages-7.30.0.jar;C:\Users\PC\.m2\repository\io\cucumber\gherkin\35.1.0\gherkin-35.1.0.jar;C:\Users\PC\.m2\repository\org\assertj\assertj-core\3.27.5\assertj-core-3.27.5.jar;C:\Users\PC\.m2\repository\io\cucumber\pretty-formatter\2.3.0\pretty-formatter-2.3.0.jar;C:\Users\PC\.m2\repository\io\cucumber\query\14.6.0\query-14.6.0.jar;C:\Users\PC\.m2\repository\io\cucumber\teamcity-formatter\0.1.1\teamcity-formatter-0.1.1.jar;C:\Users\PC\.m2\repository\io\cucumber\testng-xml-formatter\0.6.0\testng-xml-formatter-0.6.0.jar;C:\Users\PC\.m2\repository\io\cucumber\tag-expressions\6.1.2\tag-expressions-6.1.2.jar;C:\Users\PC\.m2\repository\io\cucumber\cucumber-expressions\18.0.1\cucumber-expressions-18.0.1.jar;C:\Users\PC\.m2\repository\io\cucumber\cucumber-json-formatter\0.2.1\cucumber-json-formatter-0.2.1.jar;C:\Users\PC\.m2\repository\io\cucumber\datatable\7.30.0\datatable-7.30.0.jar;C:\Users\PC\.m2\repository\io\cucumber\cucumber-plugin\7.30.0\cucumber-plugin-7.30.0.jar;C:\Users\PC\.m2\repository\io\cucumber\docstring\7.30.0\docstring-7.30.0.jar;C:\Users\PC\.m2\repository\io\cucumber\html-formatter\21.15.1\html-formatter-21.15.1.jar;C:\Users\PC\.m2\repository\io\cucumber\junit-xml-formatter\0.9.0\junit-xml-formatter-0.9.0.jar;C:\Users\PC\.m2\repository\io\cucumber\ci-environment\10.0.1\ci-environment-10.0.1.jar;C:\Users\PC\.m2\repository\org\testng\testng\7.11.0\testng-7.11.0.jar;C:\Users\PC\.m2\repository\org\jcommander\jcommander\1.83\jcommander-1.83.jar;C:\Users\PC\.m2\repository\org\webjars\jquery\3.7.1\jquery-3.7.1.jar;C:\Users\PC\.m2\repository\io\cucumber\cucumber-java\7.30.0\cucumber-java-7.30.0.jar;C:\Users\PC\.m2\repository\io\cucumber\messages\29.0.1\messages-29.0.1.jar;C:\Users\PC\.m2\repository\junit\junit\4.13.2\junit-4.13.2.jar;C:\Users\PC\.m2\repository\org\hamcrest\hamcrest-core\1.3\hamcrest-core-1.3.jar;C:\Users\PC\.m2\repository\io\github\bonigarcia\webdrivermanager\6.1.0\webdrivermanager-6.1.0.jar;C:\Users\PC\.m2\repository\org\slf4j\slf4j-api\2.0.17\slf4j-api-2.0.17.jar;C:\Users\PC\.m2\repository\com\google\code\gson\gson\2.13.0\gson-2.13.0.jar;C:\Users\PC\.m2\repository\com\google\errorprone\error_prone_annotations\2.37.0\error_prone_annotations-2.37.0.jar;C:\Users\PC\.m2\repository\com\github\docker-java\docker-java\3.5.0\docker-java-3.5.0.jar;C:\Users\PC\.m2\repository\com\github\docker-java\docker-java-core\3.5.0\docker-java-core-3.5.0.jar;C:\Users\PC\.m2\repository\com\github\docker-java\docker-java-api\3.5.0\docker-java-api-3.5.0.jar;C:\Users\PC\.m2\repository\com\fasterxml\jackson\core\jackson-annotations\2.18.3\jackson-annotations-2.18.3.jar;C:\Users\PC\.m2\repository\com\fasterxml\jackson\core\jackson-databind\2.18.3\jackson-databind-2.18.3.jar;C:\Users\PC\.m2\repository\com\fasterxml\jackson\core\jackson-core\2.18.3\jackson-core-2.18.3.jar;C:\Users\PC\.m2\repository\org\slf4j\jcl-over-slf4j\1.7.30\jcl-over-slf4j-1.7.30.jar;C:\Users\PC\.m2\repository\com\github\docker-java\docker-java-transport-httpclient5\3.5.0\docker-java-transport-httpclient5-3.5.0.jar;C:\Users\PC\.m2\repository\com\github\docker-java\docker-java-transport\3.5.0\docker-java-transport-3.5.0.jar;C:\Users\PC\.m2\repository\net\java\dev\jna\jna\5.17.0\jna-5.17.0.jar;C:\Users\PC\.m2\repository\org\brotli\dec\0.1.2\dec-0.1.2.jar;C:\Users\PC\.m2\repository\org\apache\commons\commons-lang3\3.17.0\commons-lang3-3.17.0.jar;C:\Users\PC\.m2\repository\org\apache\commons\commons-compress\1.27.1\commons-compress-1.27.1.jar;C:\Users\PC\.m2\repository\commons-codec\commons-codec\1.17.1\commons-codec-1.17.1.jar;C:\Users\PC\.m2\repository\commons-io\commons-io\2.16.1\commons-io-2.16.1.jar;C:\Users\PC\.m2\repository\org\apache\httpcomponents\client5\httpclient5\5.4.3\httpclient5-5.4.3.jar;C:\Users\PC\.m2\repository\org\apache\httpcomponents\core5\httpcore5\5.3.4\httpcore5-5.3.4.jar;C:\Users\PC\.m2\repository\org\apache\httpcomponents\core5\httpcore5-h2\5.3.4\httpcore5-h2-5.3.4.jar;C:\Users\PC\.m2\repository\net\java\dev\jna\jna-platform\5.13.0\jna-platform-5.13.0.jar;C:\Users\PC\.m2\repository\org\seleniumhq\selenium\selenium-java\4.34.0\selenium-java-4.34.0.jar;C:\Users\PC\.m2\repository\org\seleniumhq\selenium\selenium-api\4.34.0\selenium-api-4.34.0.jar;C:\Users\PC\.m2\repository\org\jspecify\jspecify\1.0.0\jspecify-1.0.0.jar;C:\Users\PC\.m2\repository\org\seleniumhq\selenium\selenium-chrome-driver\4.34.0\selenium-chrome-driver-4.34.0.jar;C:\Users\PC\.m2\repository\com\google\auto\service\auto-service-annotations\1.1.1\auto-service-annotations-1.1.1.jar;C:\Users\PC\.m2\repository\org\seleniumhq\selenium\selenium-chromium-driver\4.34.0\selenium-chromium-driver-4.34.0.jar;C:\Users\PC\.m2\repository\org\seleniumhq\selenium\selenium-json\4.34.0\selenium-json-4.34.0.jar;C:\Users\PC\.m2\repository\org\seleniumhq\selenium\selenium-manager\4.34.0\selenium-manager-4.34.0.jar;C:\Users\PC\.m2\repository\org\seleniumhq\selenium\selenium-devtools-v136\4.34.0\selenium-devtools-v136-4.34.0.jar;C:\Users\PC\.m2\repository\org\seleniumhq\selenium\selenium-devtools-v137\4.34.0\selenium-devtools-v137-4.34.0.jar;C:\Users\PC\.m2\repository\org\seleniumhq\selenium\selenium-devtools-v138\4.34.0\selenium-devtools-v138-4.34.0.jar;C:\Users\PC\.m2\repository\org\seleniumhq\selenium\selenium-edge-driver\4.34.0\selenium-edge-driver-4.34.0.jar;C:\Users\PC\.m2\repository\org\seleniumhq\selenium\selenium-firefox-driver\4.34.0\selenium-firefox-driver-4.34.0.jar;C:\Users\PC\.m2\repository\org\seleniumhq\selenium\selenium-http\4.34.0\selenium-http-4.34.0.jar;C:\Users\PC\.m2\repository\org\seleniumhq\selenium\selenium-ie-driver\4.34.0\selenium-ie-driver-4.34.0.jar;C:\Users\PC\.m2\repository\org\seleniumhq\selenium\selenium-remote-driver\4.34.0\selenium-remote-driver-4.34.0.jar;C:\Users\PC\.m2\repository\com\google\guava\guava\33.4.8-jre\guava-33.4.8-jre.jar;C:\Users\PC\.m2\repository\com\google\guava\failureaccess\1.0.3\failureaccess-1.0.3.jar;C:\Users\PC\.m2\repository\com\google\guava\listenablefuture\9999.0-empty-to-avoid-conflict-with-guava\listenablefuture-9999.0-empty-to-avoid-conflict-with-guava.jar;C:\Users\PC\.m2\repository\com\google\j2objc\j2objc-annotations\3.0.0\j2objc-annotations-3.0.0.jar;C:\Users\PC\.m2\repository\io\opentelemetry\opentelemetry-api\1.51.0\opentelemetry-api-1.51.0.jar;C:\Users\PC\.m2\repository\io\opentelemetry\opentelemetry-context\1.51.0\opentelemetry-context-1.51.0.jar;C:\Users\PC\.m2\repository\io\opentelemetry\opentelemetry-exporter-logging\1.51.0\opentelemetry-exporter-logging-1.51.0.jar;C:\Users\PC\.m2\repository\io\opentelemetry\opentelemetry-sdk-common\1.51.0\opentelemetry-sdk-common-1.51.0.jar;C:\Users\PC\.m2\repository\io\opentelemetry\opentelemetry-sdk-extension-autoconfigure-spi\1.51.0\opentelemetry-sdk-extension-autoconfigure-spi-1.51.0.jar;C:\Users\PC\.m2\repository\io\opentelemetry\opentelemetry-sdk-extension-autoconfigure\1.51.0\opentelemetry-sdk-extension-autoconfigure-1.51.0.jar;C:\Users\PC\.m2\repository\io\opentelemetry\opentelemetry-sdk-trace\1.51.0\opentelemetry-sdk-trace-1.51.0.jar;C:\Users\PC\.m2\repository\io\opentelemetry\opentelemetry-sdk\1.51.0\opentelemetry-sdk-1.51.0.jar;C:\Users\PC\.m2\repository\io\opentelemetry\opentelemetry-sdk-metrics\1.51.0\opentelemetry-sdk-metrics-1.51.0.jar;C:\Users\PC\.m2\repository\io\opentelemetry\opentelemetry-sdk-logs\1.51.0\opentelemetry-sdk-logs-1.51.0.jar;C:\Users\PC\.m2\repository\net\bytebuddy\byte-buddy\1.17.6\byte-buddy-1.17.6.jar;C:\Users\PC\.m2\repository\org\seleniumhq\selenium\selenium-os\4.34.0\selenium-os-4.34.0.jar;C:\Users\PC\.m2\repository\org\apache\commons\commons-exec\1.5.0\commons-exec-1.5.0.jar;C:\Users\PC\.m2\repository\org\seleniumhq\selenium\selenium-safari-driver\4.34.0\selenium-safari-driver-4.34.0.jar;C:\Users\PC\.m2\repository\org\seleniumhq\selenium\selenium-support\4.34.0\selenium-support-4.34.0.jar
Launcher Type: SUN_STANDARD

[Global flags]
     intx CICompilerCount                          = 4                                         {product} {ergonomic}
     uint ConcGCThreads                            = 2                                         {product} {ergonomic}
     uint G1ConcRefinementThreads                  = 8                                         {product} {ergonomic}
   size_t G1HeapRegionSize                         = 1048576                                   {product} {ergonomic}
   size_t InitialHeapSize                          = 134217728                                 {product} {ergonomic}
   size_t MarkStackSize                            = 4194304                                   {product} {ergonomic}
   size_t MarkStackSizeMax                         = 536870912                                 {product} {ergonomic}
   size_t MaxHeapSize                              = 2122317824                                {product} {ergonomic}
   size_t MaxNewSize                               = 1272971264                                {product} {ergonomic}
   size_t MinHeapDeltaBytes                        = 1048576                                   {product} {ergonomic}
   size_t MinHeapSize                              = 8388608                                   {product} {ergonomic}
    uintx NonNMethodCodeHeapSize                   = 5832704                                {pd product} {ergonomic}
    uintx NonProfiledCodeHeapSize                  = 122945536                              {pd product} {ergonomic}
    uintx ProfiledCodeHeapSize                     = 122880000                              {pd product} {ergonomic}
    uintx ReservedCodeCacheSize                    = 251658240                              {pd product} {ergonomic}
     bool SegmentedCodeCache                       = true                                      {product} {ergonomic}
     bool ShowCodeDetailsInExceptionMessages       = true                                   {manageable} {command line}
   size_t SoftMaxHeapSize                          = 2122317824                             {manageable} {ergonomic}
     bool UseCompressedOops                        = true                           {product lp64_product} {ergonomic}
     bool UseG1GC                                  = true                                      {product} {ergonomic}
     bool UseLargePagesIndividualAllocation        = false                                  {pd product} {ergonomic}

Logging:
Log output configuration:
 #0: stdout all=warning uptime,level,tags foldmultilines=false
 #1: stderr all=off uptime,level,tags foldmultilines=false

Environment Variables:
JAVA_HOME=C:\Program Files\Java\jdk-21\bin
PATH=C:/Users/PC/.p2/pool/plugins/org.eclipse.justj.openjdk.hotspot.jre.full.win32.x86_64_21.0.8.v20250724-1412/jre/bin/server;C:/Users/PC/.p2/pool/plugins/org.eclipse.justj.openjdk.hotspot.jre.full.win32.x86_64_21.0.8.v20250724-1412/jre/bin;C:\Program Files (x86)\Common Files\Oracle\Java\javapath;C:\WINDOWS\system32;C:\WINDOWS;C:\WINDOWS\System32\Wbem;C:\WINDOWS\System32\WindowsPowerShell\v1.0\;C:\WINDOWS\System32\OpenSSH\;C:\Program Files\dotnet\;C:\Program Files (x86)\Intel\Intel(R) Management Engine Components\DAL;C:\Program Files\Intel\Intel(R) Management Engine Components\DAL;C:\Program Files\Intel\WiFi\bin\;C:\Program Files\Common Files\Intel\WirelessCommon\;C:\Program Files\Microsoft SQL Server\150\Tools\Binn\;C:\Program Files\Java\jdk-21\bin;C:\Program Files\Git\cmd;C:\Users\PC\Downloads\apache-maven-3.9.11-bin\apache-maven-3.9.11\bin;C:\Program Files\Nodejs;C:\Program Files (x86)\VMware\VMware Player\bin\;C:\Windows\system32;C:\Windows;C:\Windows\System32\Wbem;C:\Windows\System32\WindowsPowerShell\v1.0\;C:\Windows\System32\OpenSSH\;C:\Program Files\dotnet\;C:\Program Files (x86)\Intel\Intel(R) Management Engine Components\DAL;C:\Program Files\Intel\Intel(R) Management Engine Components\DAL;C:\Program Files\nodejs\;C:\Users\PC\AppData\Local\Programs\Python\Python311\Scripts\;C:\Users\PC\AppData\Local\Programs\Python\Python311\;C:\Users\PC\AppData\Local\Microsoft\WindowsApps;C:\Users\PC\AppData\Local\Programs\Microsoft VS Code\bin;C:\Program Files\nodejs;C:\MinGW\bin;C:\Users\PC\.dotnet\tools;C:\Users\PC\AppData\Local\Microsoft\WindowsApps;;C:\WINDOWS\system32;
USERNAME=PC
OS=Windows_NT
PROCESSOR_IDENTIFIER=Intel64 Family 6 Model 142 Stepping 10, GenuineIntel
TMP=C:\Users\PC\AppData\Local\Temp
TEMP=C:\Users\PC\AppData\Local\Temp




Periodic native trim disabled

---------------  S Y S T E M  ---------------

OS:
 Windows 10 , 64 bit Build 19041 (10.0.19041.5915)
OS uptime: 0 days 0:33 hours
Hyper-V role detected

CPU: total 8 (initial active 8) (4 cores per cpu, 2 threads per core) family 6 model 142 stepping 10 microcode 0xf0, cx8, cmov, fxsr, ht, mmx, 3dnowpref, sse, sse2, sse3, ssse3, sse4.1, sse4.2, popcnt, lzcnt, tsc, tscinvbit, avx, avx2, aes, erms, clmul, bmi1, bmi2, adx, fma, vzeroupper, clflush, clflushopt, hv, rdtscp, f16c
Processor Information for the first 8 processors :
  Max Mhz: 1992, Current Mhz: 1792, Mhz Limit: 1792

Memory: 4k page, system-wide physical 8089M (613M free)
TotalPageFile size 10137M (AvailPageFile size 1M)
current process WorkingSet (physical memory assigned to process): 149M, peak: 186M
current process commit charge ("private bytes"): 210M, peak: 293M

vm_info: Java HotSpot(TM) 64-Bit Server VM (24.0.2+12-54) for windows-amd64 JRE (24.0.2+12-54), built on 2025-07-08T12:10:27Z with MS VC++ 17.6 (VS2022)

END.
