#
# There is insufficient memory for the Java Runtime Environment to continue.
# Native memory allocation (malloc) failed to allocate 2173792 bytes. Error detail: Chunk::new
# Possible reasons:
#   The system is out of physical RAM or swap space
#   This process is running with CompressedOops enabled, and the Java Heap may be blocking the growth of the native heap
# Possible solutions:
#   Reduce memory load on the system
#   Increase physical memory or swap space
#   Check if swap backing store is full
#   Decrease Java heap size (-Xmx/-Xms)
#   Decrease number of Java threads
#   Decrease Java thread stack sizes (-Xss)
#   Set larger code cache with -XX:ReservedCodeCacheSize=
#   JVM is running with Unscaled Compressed Oops mode in which the Java heap is
#     placed in the first 4GB address space. The Java Heap base address is the
#     maximum limit for the native heap growth. Please use -XX:HeapBaseMinAddress
#     to set the Java Heap base and to place the Java Heap above 4GB virtual address.
# This output file may be truncated or incomplete.
#
#  Out of Memory Error (arena.cpp:162), pid=14472, tid=6176
#
# JRE version: Java(TM) SE Runtime Environment (24.0.2+12) (build 24.0.2+12-54)
# Java VM: Java HotSpot(TM) 64-Bit Server VM (24.0.2+12-54, mixed mode, sharing, tiered, compressed oops, compressed class ptrs, g1 gc, windows-amd64)
# No core dump will be written. Minidumps are not enabled by default on client versions of Windows
#

---------------  S U M M A R Y ------------

Command Line: -ea -Dfile.encoding=UTF-8 -Dstdout.encoding=UTF-8 -Dstderr.encoding=UTF-8 -XX:+ShowCodeDetailsInExceptionMessages org.testng.remote.RemoteTestNG -serport 50403 -protocol json -d C:\Users\PC\eclipse-workspace\ebay\test-output C:\Users\PC\AppData\Local\Temp\testng-eclipse--1924838932\testng-customsuite.xml

Host: Intel(R) Core(TM) i7-8550U CPU @ 1.80GHz, 8 cores, 7G,  Windows 10 , 64 bit Build 19041 (10.0.19041.5915)
Time: Thu Oct 30 07:44:21 2025 India Standard Time elapsed time: 2.224331 seconds (0d 0h 0m 2s)

---------------  T H R E A D  ---------------

Current thread (0x00000196f11940a0):  JavaThread "C2 CompilerThread0" daemon [_thread_in_native, id=6176, stack(0x0000008a9cd00000,0x0000008a9ce00000) (1024K)]


Current CompileTask:
C2:2224 2368       4       java.lang.invoke.MethodType::makeImpl (155 bytes)

Stack: [0x0000008a9cd00000,0x0000008a9ce00000]
Native frames: (J=compiled Java code, j=interpreted, Vv=VM code, C=native code)
V  [jvm.dll+0x730829]  (no source info available)
V  [jvm.dll+0x8d9da3]  (no source info available)
V  [jvm.dll+0x8dc28d]  (no source info available)
V  [jvm.dll+0x8dc903]  (no source info available)
V  [jvm.dll+0x2a9f56]  (no source info available)
V  [jvm.dll+0xced7f]  (no source info available)
V  [jvm.dll+0xcefdf]  (no source info available)
V  [jvm.dll+0x3f367c]  (no source info available)
V  [jvm.dll+0x3c0040]  (no source info available)
V  [jvm.dll+0x3bf4ca]  (no source info available)
V  [jvm.dll+0x26f637]  (no source info available)
V  [jvm.dll+0x26e8ff]  (no source info available)
V  [jvm.dll+0x1e9c90]  (no source info available)
V  [jvm.dll+0x27e0cb]  (no source info available)
V  [jvm.dll+0x27c36a]  (no source info available)
V  [jvm.dll+0x42f396]  (no source info available)
V  [jvm.dll+0x87d9eb]  (no source info available)
V  [jvm.dll+0x72ef45]  (no source info available)
C  [ucrtbase.dll+0x21bb2]  (no source info available)
C  [KERNEL32.DLL+0x17374]  (no source info available)
C  [ntdll.dll+0x4cc91]  (no source info available)

Lock stack of current Java thread (top to bottom):


---------------  P R O C E S S  ---------------

Threads class SMR info:
_java_thread_list=0x00000196c5d399d0, length=13, elements={
0x00000196d2188660, 0x00000196f1175a00, 0x00000196f1177350, 0x00000196f117a1e0,
0x00000196f117ad10, 0x00000196f117b840, 0x00000196f117d390, 0x00000196f11940a0,
0x00000196f1194c20, 0x00000196c5077760, 0x00000196c507c160, 0x00000196c5170530,
0x00000196c5d2acc0
}

Java Threads: ( => current thread )
  0x00000196d2188660 JavaThread "main"                              [_thread_in_vm, id=13360, stack(0x0000008a9bf00000,0x0000008a9c000000) (1024K)]
  0x00000196f1175a00 JavaThread "Reference Handler"          daemon [_thread_blocked, id=12176, stack(0x0000008a9c700000,0x0000008a9c800000) (1024K)]
  0x00000196f1177350 JavaThread "Finalizer"                  daemon [_thread_blocked, id=6440, stack(0x0000008a9c800000,0x0000008a9c900000) (1024K)]
  0x00000196f117a1e0 JavaThread "Signal Dispatcher"          daemon [_thread_blocked, id=8912, stack(0x0000008a9c900000,0x0000008a9ca00000) (1024K)]
  0x00000196f117ad10 JavaThread "Attach Listener"            daemon [_thread_blocked, id=14736, stack(0x0000008a9ca00000,0x0000008a9cb00000) (1024K)]
  0x00000196f117b840 JavaThread "Service Thread"             daemon [_thread_blocked, id=15100, stack(0x0000008a9cb00000,0x0000008a9cc00000) (1024K)]
  0x00000196f117d390 JavaThread "Monitor Deflation Thread"   daemon [_thread_blocked, id=8360, stack(0x0000008a9cc00000,0x0000008a9cd00000) (1024K)]
=>0x00000196f11940a0 JavaThread "C2 CompilerThread0"         daemon [_thread_in_native, id=6176, stack(0x0000008a9cd00000,0x0000008a9ce00000) (1024K)]
  0x00000196f1194c20 JavaThread "C1 CompilerThread0"         daemon [_thread_blocked, id=5020, stack(0x0000008a9ce00000,0x0000008a9cf00000) (1024K)]
  0x00000196c5077760 JavaThread "Notification Thread"        daemon [_thread_blocked, id=10812, stack(0x0000008a9cf00000,0x0000008a9d000000) (1024K)]
  0x00000196c507c160 JavaThread "Common-Cleaner"             daemon [_thread_blocked, id=1844, stack(0x0000008a9d000000,0x0000008a9d100000) (1024K)]
  0x00000196c5170530 JavaThread "C2 CompilerThread1"         daemon [_thread_in_native, id=10092, stack(0x0000008a9d100000,0x0000008a9d200000) (1024K)]
  0x00000196c5d2acc0 JavaThread "ReaderThread"                      [_thread_in_native, id=13900, stack(0x0000008a9d300000,0x0000008a9d400000) (1024K)]
Total: 13

Other Threads:
  0x00000196f1164210 VMThread "VM Thread"                           [id=10800, stack(0x0000008a9c600000,0x0000008a9c700000) (1024K)]
  0x00000196f11550b0 WatcherThread "VM Periodic Task Thread"        [id=2236, stack(0x0000008a9c500000,0x0000008a9c600000) (1024K)]
  0x00000196d4408070 WorkerThread "GC Thread#0"                     [id=11416, stack(0x0000008a9c000000,0x0000008a9c100000) (1024K)]
  0x00000196c625ae80 WorkerThread "GC Thread#1"                     [id=1132, stack(0x0000008a9d400000,0x0000008a9d500000) (1024K)]
  0x00000196c625b230 WorkerThread "GC Thread#2"                     [id=9140, stack(0x0000008a9d500000,0x0000008a9d600000) (1024K)]
  0x00000196c60aec60 WorkerThread "GC Thread#3"                     [id=2116, stack(0x0000008a9d600000,0x0000008a9d700000) (1024K)]
  0x00000196c60afff0 WorkerThread "GC Thread#4"                     [id=15140, stack(0x0000008a9d700000,0x0000008a9d800000) (1024K)]
  0x00000196c60a8a30 WorkerThread "GC Thread#5"                     [id=13664, stack(0x0000008a9d800000,0x0000008a9d900000) (1024K)]
  0x00000196c60a8de0 WorkerThread "GC Thread#6"                     [id=13596, stack(0x0000008a9d900000,0x0000008a9da00000) (1024K)]
  0x00000196c60a9190 WorkerThread "GC Thread#7"                     [id=11168, stack(0x0000008a9da00000,0x0000008a9db00000) (1024K)]
  0x00000196d441d530 ConcurrentGCThread "G1 Main Marker"            [id=15048, stack(0x0000008a9c100000,0x0000008a9c200000) (1024K)]
  0x00000196d441df50 WorkerThread "G1 Conc#0"                       [id=6528, stack(0x0000008a9c200000,0x0000008a9c300000) (1024K)]
  0x00000196f10181a0 ConcurrentGCThread "G1 Refine#0"               [id=7864, stack(0x0000008a9c300000,0x0000008a9c400000) (1024K)]
  0x00000196f1018b30 ConcurrentGCThread "G1 Service"                [id=4884, stack(0x0000008a9c400000,0x0000008a9c500000) (1024K)]
Total: 14

Threads with active compile tasks:
C2 CompilerThread0  2319 2368       4       java.lang.invoke.MethodType::makeImpl (155 bytes)
C2 CompilerThread1  2319 2390       4       java.lang.invoke.MethodType::methodType (69 bytes)
Total: 2

VM state: not at safepoint (normal execution)

VM Mutex/Monitor currently owned by a thread:  ([mutex/lock_event])
[0x00007ffa145124f0] Metaspace_lock - owner thread: 0x00000196d2188660

Heap address: 0x0000000081800000, size: 2024 MB, Compressed Oops mode: 32-bit

CDS archive(s) mapped at: [0x0000019680000000-0x0000019680d40000-0x0000019680d40000), size 13893632, SharedBaseAddress: 0x0000019680000000, ArchiveRelocationMode: 1.
Compressed class space mapped at: 0x0000019681000000-0x00000196c1000000, reserved size: 1073741824
UseCompressedClassPointers 1, UseCompactObjectHeaders 0
Narrow klass pointer bits 32, Max shift 3
Narrow klass base: 0x0000019680000000, Narrow klass shift: 0
Encoding Range: [0x0000019680000000 - 0x0000019780000000), (4294967296 bytes)
Klass Range:    [0x0000019680000000 - 0x00000196c1000000), (1090519040 bytes)
Klass ID Range:  [8 - 1090519033) (1090519025)

GC Precious Log:
 CardTable entry size: 512
 Card Set container configuration: InlinePtr #cards 5 size 8 Array Of Cards #cards 10 size 36 Howl #buckets 4 coarsen threshold 1843 Howl Bitmap #cards 512 size 80 coarsen threshold 460 Card regions per heap region 1 cards per card region 2048
 CPUs: 8 total, 8 available
 Memory: 8089M
 Large Page Support: Disabled
 NUMA Support: Disabled
 Compressed Oops: Enabled (32-bit)
 Heap Region Size: 1M
 Heap Min Capacity: 8M
 Heap Initial Capacity: 128M
 Heap Max Capacity: 2024M
 Pre-touch: Disabled
 Parallel Workers: 8
 Concurrent Workers: 2
 Concurrent Refinement Workers: 8
 Periodic GC: Disabled

Heap:
 garbage-first heap   total reserved 2072576K, committed 133120K, used 31484K [0x0000000081800000, 0x0000000100000000)
  region size 1024K, 29 young (29696K), 6 survivors (6144K)
 Metaspace       used 18525K, committed 18752K, reserved 1114112K
  class space    used 1802K, committed 1920K, reserved 1048576K

Heap Regions: E=young(eden), S=young(survivor), O=old, HS=humongous(starts), HC=humongous(continues), CS=collection set, F=free, TAMS=top-at-mark-start, PB=parsable bottom
|   0|0x0000000081800000, 0x0000000081900000, 0x0000000081900000|100%|HS|  |TAMS 0x0000000081800000| PB 0x0000000081800000| Complete |  0
|   1|0x0000000081900000, 0x00000000819a2020, 0x0000000081a00000| 63%| O|  |TAMS 0x0000000081900000| PB 0x0000000081900000| Untracked |  0
|   2|0x0000000081a00000, 0x0000000081a00000, 0x0000000081b00000|  0%| F|  |TAMS 0x0000000081a00000| PB 0x0000000081a00000| Untracked |  0
|   3|0x0000000081b00000, 0x0000000081b00000, 0x0000000081c00000|  0%| F|  |TAMS 0x0000000081b00000| PB 0x0000000081b00000| Untracked |  0
|   4|0x0000000081c00000, 0x0000000081c00000, 0x0000000081d00000|  0%| F|  |TAMS 0x0000000081c00000| PB 0x0000000081c00000| Untracked |  0
|   5|0x0000000081d00000, 0x0000000081d00000, 0x0000000081e00000|  0%| F|  |TAMS 0x0000000081d00000| PB 0x0000000081d00000| Untracked |  0
|   6|0x0000000081e00000, 0x0000000081e00000, 0x0000000081f00000|  0%| F|  |TAMS 0x0000000081e00000| PB 0x0000000081e00000| Untracked |  0
|   7|0x0000000081f00000, 0x0000000081f00000, 0x0000000082000000|  0%| F|  |TAMS 0x0000000081f00000| PB 0x0000000081f00000| Untracked |  0
|   8|0x0000000082000000, 0x0000000082000000, 0x0000000082100000|  0%| F|  |TAMS 0x0000000082000000| PB 0x0000000082000000| Untracked |  0
|   9|0x0000000082100000, 0x0000000082100000, 0x0000000082200000|  0%| F|  |TAMS 0x0000000082100000| PB 0x0000000082100000| Untracked |  0
|  10|0x0000000082200000, 0x0000000082200000, 0x0000000082300000|  0%| F|  |TAMS 0x0000000082200000| PB 0x0000000082200000| Untracked |  0
|  11|0x0000000082300000, 0x0000000082300000, 0x0000000082400000|  0%| F|  |TAMS 0x0000000082300000| PB 0x0000000082300000| Untracked |  0
|  12|0x0000000082400000, 0x0000000082400000, 0x0000000082500000|  0%| F|  |TAMS 0x0000000082400000| PB 0x0000000082400000| Untracked |  0
|  13|0x0000000082500000, 0x0000000082500000, 0x0000000082600000|  0%| F|  |TAMS 0x0000000082500000| PB 0x0000000082500000| Untracked |  0
|  14|0x0000000082600000, 0x0000000082600000, 0x0000000082700000|  0%| F|  |TAMS 0x0000000082600000| PB 0x0000000082600000| Untracked |  0
|  15|0x0000000082700000, 0x0000000082700000, 0x0000000082800000|  0%| F|  |TAMS 0x0000000082700000| PB 0x0000000082700000| Untracked |  0
|  16|0x0000000082800000, 0x0000000082800000, 0x0000000082900000|  0%| F|  |TAMS 0x0000000082800000| PB 0x0000000082800000| Untracked |  0
|  17|0x0000000082900000, 0x0000000082900000, 0x0000000082a00000|  0%| F|  |TAMS 0x0000000082900000| PB 0x0000000082900000| Untracked |  0
|  18|0x0000000082a00000, 0x0000000082a00000, 0x0000000082b00000|  0%| F|  |TAMS 0x0000000082a00000| PB 0x0000000082a00000| Untracked |  0
|  19|0x0000000082b00000, 0x0000000082b00000, 0x0000000082c00000|  0%| F|  |TAMS 0x0000000082b00000| PB 0x0000000082b00000| Untracked |  0
|  20|0x0000000082c00000, 0x0000000082c00000, 0x0000000082d00000|  0%| F|  |TAMS 0x0000000082c00000| PB 0x0000000082c00000| Untracked |  0
|  21|0x0000000082d00000, 0x0000000082d00000, 0x0000000082e00000|  0%| F|  |TAMS 0x0000000082d00000| PB 0x0000000082d00000| Untracked |  0
|  22|0x0000000082e00000, 0x0000000082e00000, 0x0000000082f00000|  0%| F|  |TAMS 0x0000000082e00000| PB 0x0000000082e00000| Untracked |  0
|  23|0x0000000082f00000, 0x0000000082f00000, 0x0000000083000000|  0%| F|  |TAMS 0x0000000082f00000| PB 0x0000000082f00000| Untracked |  0
|  24|0x0000000083000000, 0x0000000083000000, 0x0000000083100000|  0%| F|  |TAMS 0x0000000083000000| PB 0x0000000083000000| Untracked |  0
|  25|0x0000000083100000, 0x0000000083100000, 0x0000000083200000|  0%| F|  |TAMS 0x0000000083100000| PB 0x0000000083100000| Untracked |  0
|  26|0x0000000083200000, 0x0000000083200000, 0x0000000083300000|  0%| F|  |TAMS 0x0000000083200000| PB 0x0000000083200000| Untracked |  0
|  27|0x0000000083300000, 0x0000000083300000, 0x0000000083400000|  0%| F|  |TAMS 0x0000000083300000| PB 0x0000000083300000| Untracked |  0
|  28|0x0000000083400000, 0x0000000083400000, 0x0000000083500000|  0%| F|  |TAMS 0x0000000083400000| PB 0x0000000083400000| Untracked |  0
|  29|0x0000000083500000, 0x0000000083500000, 0x0000000083600000|  0%| F|  |TAMS 0x0000000083500000| PB 0x0000000083500000| Untracked |  0
|  30|0x0000000083600000, 0x0000000083600000, 0x0000000083700000|  0%| F|  |TAMS 0x0000000083600000| PB 0x0000000083600000| Untracked |  0
|  31|0x0000000083700000, 0x0000000083700000, 0x0000000083800000|  0%| F|  |TAMS 0x0000000083700000| PB 0x0000000083700000| Untracked |  0
|  32|0x0000000083800000, 0x0000000083800000, 0x0000000083900000|  0%| F|  |TAMS 0x0000000083800000| PB 0x0000000083800000| Untracked |  0
|  33|0x0000000083900000, 0x0000000083900000, 0x0000000083a00000|  0%| F|  |TAMS 0x0000000083900000| PB 0x0000000083900000| Untracked |  0
|  34|0x0000000083a00000, 0x0000000083a00000, 0x0000000083b00000|  0%| F|  |TAMS 0x0000000083a00000| PB 0x0000000083a00000| Untracked |  0
|  35|0x0000000083b00000, 0x0000000083b00000, 0x0000000083c00000|  0%| F|  |TAMS 0x0000000083b00000| PB 0x0000000083b00000| Untracked |  0
|  36|0x0000000083c00000, 0x0000000083c00000, 0x0000000083d00000|  0%| F|  |TAMS 0x0000000083c00000| PB 0x0000000083c00000| Untracked |  0
|  37|0x0000000083d00000, 0x0000000083d00000, 0x0000000083e00000|  0%| F|  |TAMS 0x0000000083d00000| PB 0x0000000083d00000| Untracked |  0
|  38|0x0000000083e00000, 0x0000000083e00000, 0x0000000083f00000|  0%| F|  |TAMS 0x0000000083e00000| PB 0x0000000083e00000| Untracked |  0
|  39|0x0000000083f00000, 0x0000000083f00000, 0x0000000084000000|  0%| F|  |TAMS 0x0000000083f00000| PB 0x0000000083f00000| Untracked |  0
|  40|0x0000000084000000, 0x0000000084000000, 0x0000000084100000|  0%| F|  |TAMS 0x0000000084000000| PB 0x0000000084000000| Untracked |  0
|  41|0x0000000084100000, 0x0000000084100000, 0x0000000084200000|  0%| F|  |TAMS 0x0000000084100000| PB 0x0000000084100000| Untracked |  0
|  42|0x0000000084200000, 0x0000000084200000, 0x0000000084300000|  0%| F|  |TAMS 0x0000000084200000| PB 0x0000000084200000| Untracked |  0
|  43|0x0000000084300000, 0x0000000084300000, 0x0000000084400000|  0%| F|  |TAMS 0x0000000084300000| PB 0x0000000084300000| Untracked |  0
|  44|0x0000000084400000, 0x0000000084400000, 0x0000000084500000|  0%| F|  |TAMS 0x0000000084400000| PB 0x0000000084400000| Untracked |  0
|  45|0x0000000084500000, 0x0000000084500000, 0x0000000084600000|  0%| F|  |TAMS 0x0000000084500000| PB 0x0000000084500000| Untracked |  0
|  46|0x0000000084600000, 0x0000000084600000, 0x0000000084700000|  0%| F|  |TAMS 0x0000000084600000| PB 0x0000000084600000| Untracked |  0
|  47|0x0000000084700000, 0x0000000084700000, 0x0000000084800000|  0%| F|  |TAMS 0x0000000084700000| PB 0x0000000084700000| Untracked |  0
|  48|0x0000000084800000, 0x0000000084800000, 0x0000000084900000|  0%| F|  |TAMS 0x0000000084800000| PB 0x0000000084800000| Untracked |  0
|  49|0x0000000084900000, 0x0000000084900000, 0x0000000084a00000|  0%| F|  |TAMS 0x0000000084900000| PB 0x0000000084900000| Untracked |  0
|  50|0x0000000084a00000, 0x0000000084a00000, 0x0000000084b00000|  0%| F|  |TAMS 0x0000000084a00000| PB 0x0000000084a00000| Untracked |  0
|  51|0x0000000084b00000, 0x0000000084b00000, 0x0000000084c00000|  0%| F|  |TAMS 0x0000000084b00000| PB 0x0000000084b00000| Untracked |  0
|  52|0x0000000084c00000, 0x0000000084c00000, 0x0000000084d00000|  0%| F|  |TAMS 0x0000000084c00000| PB 0x0000000084c00000| Untracked |  0
|  53|0x0000000084d00000, 0x0000000084d00000, 0x0000000084e00000|  0%| F|  |TAMS 0x0000000084d00000| PB 0x0000000084d00000| Untracked |  0
|  54|0x0000000084e00000, 0x0000000084e00000, 0x0000000084f00000|  0%| F|  |TAMS 0x0000000084e00000| PB 0x0000000084e00000| Untracked |  0
|  55|0x0000000084f00000, 0x0000000084f00000, 0x0000000085000000|  0%| F|  |TAMS 0x0000000084f00000| PB 0x0000000084f00000| Untracked |  0
|  56|0x0000000085000000, 0x0000000085000000, 0x0000000085100000|  0%| F|  |TAMS 0x0000000085000000| PB 0x0000000085000000| Untracked |  0
|  57|0x0000000085100000, 0x0000000085100000, 0x0000000085200000|  0%| F|  |TAMS 0x0000000085100000| PB 0x0000000085100000| Untracked |  0
|  58|0x0000000085200000, 0x0000000085200000, 0x0000000085300000|  0%| F|  |TAMS 0x0000000085200000| PB 0x0000000085200000| Untracked |  0
|  59|0x0000000085300000, 0x0000000085300000, 0x0000000085400000|  0%| F|  |TAMS 0x0000000085300000| PB 0x0000000085300000| Untracked |  0
|  60|0x0000000085400000, 0x0000000085400000, 0x0000000085500000|  0%| F|  |TAMS 0x0000000085400000| PB 0x0000000085400000| Untracked |  0
|  61|0x0000000085500000, 0x0000000085500000, 0x0000000085600000|  0%| F|  |TAMS 0x0000000085500000| PB 0x0000000085500000| Untracked |  0
|  62|0x0000000085600000, 0x0000000085600000, 0x0000000085700000|  0%| F|  |TAMS 0x0000000085600000| PB 0x0000000085600000| Untracked |  0
|  63|0x0000000085700000, 0x0000000085700000, 0x0000000085800000|  0%| F|  |TAMS 0x0000000085700000| PB 0x0000000085700000| Untracked |  0
|  64|0x0000000085800000, 0x0000000085800000, 0x0000000085900000|  0%| F|  |TAMS 0x0000000085800000| PB 0x0000000085800000| Untracked |  0
|  65|0x0000000085900000, 0x0000000085900000, 0x0000000085a00000|  0%| F|  |TAMS 0x0000000085900000| PB 0x0000000085900000| Untracked |  0
|  66|0x0000000085a00000, 0x0000000085a00000, 0x0000000085b00000|  0%| F|  |TAMS 0x0000000085a00000| PB 0x0000000085a00000| Untracked |  0
|  67|0x0000000085b00000, 0x0000000085b00000, 0x0000000085c00000|  0%| F|  |TAMS 0x0000000085b00000| PB 0x0000000085b00000| Untracked |  0
|  68|0x0000000085c00000, 0x0000000085c00000, 0x0000000085d00000|  0%| F|  |TAMS 0x0000000085c00000| PB 0x0000000085c00000| Untracked |  0
|  69|0x0000000085d00000, 0x0000000085d00000, 0x0000000085e00000|  0%| F|  |TAMS 0x0000000085d00000| PB 0x0000000085d00000| Untracked |  0
|  70|0x0000000085e00000, 0x0000000085e00000, 0x0000000085f00000|  0%| F|  |TAMS 0x0000000085e00000| PB 0x0000000085e00000| Untracked |  0
|  71|0x0000000085f00000, 0x0000000085f00000, 0x0000000086000000|  0%| F|  |TAMS 0x0000000085f00000| PB 0x0000000085f00000| Untracked |  0
|  72|0x0000000086000000, 0x0000000086000000, 0x0000000086100000|  0%| F|  |TAMS 0x0000000086000000| PB 0x0000000086000000| Untracked |  0
|  73|0x0000000086100000, 0x0000000086100000, 0x0000000086200000|  0%| F|  |TAMS 0x0000000086100000| PB 0x0000000086100000| Untracked |  0
|  74|0x0000000086200000, 0x0000000086200000, 0x0000000086300000|  0%| F|  |TAMS 0x0000000086200000| PB 0x0000000086200000| Untracked |  0
|  75|0x0000000086300000, 0x0000000086400000, 0x0000000086400000|100%| S|CS|TAMS 0x0000000086300000| PB 0x0000000086300000| Complete |  0
|  76|0x0000000086400000, 0x0000000086500000, 0x0000000086500000|100%| S|CS|TAMS 0x0000000086400000| PB 0x0000000086400000| Complete |  0
|  77|0x0000000086500000, 0x0000000086600000, 0x0000000086600000|100%| S|CS|TAMS 0x0000000086500000| PB 0x0000000086500000| Complete |  0
|  78|0x0000000086600000, 0x0000000086700000, 0x0000000086700000|100%| S|CS|TAMS 0x0000000086600000| PB 0x0000000086600000| Complete |  0
|  79|0x0000000086700000, 0x0000000086800000, 0x0000000086800000|100%| S|CS|TAMS 0x0000000086700000| PB 0x0000000086700000| Complete |  0
|  80|0x0000000086800000, 0x0000000086900000, 0x0000000086900000|100%| S|CS|TAMS 0x0000000086800000| PB 0x0000000086800000| Complete |  0
|  81|0x0000000086900000, 0x0000000086900000, 0x0000000086a00000|  0%| F|  |TAMS 0x0000000086900000| PB 0x0000000086900000| Untracked |  0
|  82|0x0000000086a00000, 0x0000000086a00000, 0x0000000086b00000|  0%| F|  |TAMS 0x0000000086a00000| PB 0x0000000086a00000| Untracked |  0
|  83|0x0000000086b00000, 0x0000000086b00000, 0x0000000086c00000|  0%| F|  |TAMS 0x0000000086b00000| PB 0x0000000086b00000| Untracked |  0
|  84|0x0000000086c00000, 0x0000000086c00000, 0x0000000086d00000|  0%| F|  |TAMS 0x0000000086c00000| PB 0x0000000086c00000| Untracked |  0
|  85|0x0000000086d00000, 0x0000000086d00000, 0x0000000086e00000|  0%| F|  |TAMS 0x0000000086d00000| PB 0x0000000086d00000| Untracked |  0
|  86|0x0000000086e00000, 0x0000000086e00000, 0x0000000086f00000|  0%| F|  |TAMS 0x0000000086e00000| PB 0x0000000086e00000| Untracked |  0
|  87|0x0000000086f00000, 0x0000000086f00000, 0x0000000087000000|  0%| F|  |TAMS 0x0000000086f00000| PB 0x0000000086f00000| Untracked |  0
|  88|0x0000000087000000, 0x0000000087000000, 0x0000000087100000|  0%| F|  |TAMS 0x0000000087000000| PB 0x0000000087000000| Untracked |  0
|  89|0x0000000087100000, 0x0000000087100000, 0x0000000087200000|  0%| F|  |TAMS 0x0000000087100000| PB 0x0000000087100000| Untracked |  0
|  90|0x0000000087200000, 0x0000000087200000, 0x0000000087300000|  0%| F|  |TAMS 0x0000000087200000| PB 0x0000000087200000| Untracked |  0
|  91|0x0000000087300000, 0x0000000087300000, 0x0000000087400000|  0%| F|  |TAMS 0x0000000087300000| PB 0x0000000087300000| Untracked |  0
|  92|0x0000000087400000, 0x0000000087400000, 0x0000000087500000|  0%| F|  |TAMS 0x0000000087400000| PB 0x0000000087400000| Untracked |  0
|  93|0x0000000087500000, 0x0000000087500000, 0x0000000087600000|  0%| F|  |TAMS 0x0000000087500000| PB 0x0000000087500000| Untracked |  0
|  94|0x0000000087600000, 0x0000000087600000, 0x0000000087700000|  0%| F|  |TAMS 0x0000000087600000| PB 0x0000000087600000| Untracked |  0
|  95|0x0000000087700000, 0x0000000087700000, 0x0000000087800000|  0%| F|  |TAMS 0x0000000087700000| PB 0x0000000087700000| Untracked |  0
|  96|0x0000000087800000, 0x0000000087800000, 0x0000000087900000|  0%| F|  |TAMS 0x0000000087800000| PB 0x0000000087800000| Untracked |  0
|  97|0x0000000087900000, 0x0000000087900000, 0x0000000087a00000|  0%| F|  |TAMS 0x0000000087900000| PB 0x0000000087900000| Untracked |  0
|  98|0x0000000087a00000, 0x0000000087a00000, 0x0000000087b00000|  0%| F|  |TAMS 0x0000000087a00000| PB 0x0000000087a00000| Untracked |  0
|  99|0x0000000087b00000, 0x0000000087b00000, 0x0000000087c00000|  0%| F|  |TAMS 0x0000000087b00000| PB 0x0000000087b00000| Untracked |  0
| 100|0x0000000087c00000, 0x0000000087c00000, 0x0000000087d00000|  0%| F|  |TAMS 0x0000000087c00000| PB 0x0000000087c00000| Untracked |  0
| 101|0x0000000087d00000, 0x0000000087d00000, 0x0000000087e00000|  0%| F|  |TAMS 0x0000000087d00000| PB 0x0000000087d00000| Untracked |  0
| 102|0x0000000087e00000, 0x0000000087e00000, 0x0000000087f00000|  0%| F|  |TAMS 0x0000000087e00000| PB 0x0000000087e00000| Untracked |  0
| 103|0x0000000087f00000, 0x0000000087f00000, 0x0000000088000000|  0%| F|  |TAMS 0x0000000087f00000| PB 0x0000000087f00000| Untracked |  0
| 104|0x0000000088000000, 0x0000000088000000, 0x0000000088100000|  0%| F|  |TAMS 0x0000000088000000| PB 0x0000000088000000| Untracked |  0
| 105|0x0000000088100000, 0x0000000088200000, 0x0000000088200000|100%| E|  |TAMS 0x0000000088100000| PB 0x0000000088100000| Complete |  0
| 106|0x0000000088200000, 0x0000000088300000, 0x0000000088300000|100%| E|CS|TAMS 0x0000000088200000| PB 0x0000000088200000| Complete |  0
| 107|0x0000000088300000, 0x0000000088400000, 0x0000000088400000|100%| E|CS|TAMS 0x0000000088300000| PB 0x0000000088300000| Complete |  0
| 108|0x0000000088400000, 0x0000000088500000, 0x0000000088500000|100%| E|CS|TAMS 0x0000000088400000| PB 0x0000000088400000| Complete |  0
| 109|0x0000000088500000, 0x0000000088600000, 0x0000000088600000|100%| E|CS|TAMS 0x0000000088500000| PB 0x0000000088500000| Complete |  0
| 110|0x0000000088600000, 0x0000000088700000, 0x0000000088700000|100%| E|CS|TAMS 0x0000000088600000| PB 0x0000000088600000| Complete |  0
| 111|0x0000000088700000, 0x0000000088800000, 0x0000000088800000|100%| E|CS|TAMS 0x0000000088700000| PB 0x0000000088700000| Complete |  0
| 112|0x0000000088800000, 0x0000000088900000, 0x0000000088900000|100%| E|CS|TAMS 0x0000000088800000| PB 0x0000000088800000| Complete |  0
| 113|0x0000000088900000, 0x0000000088a00000, 0x0000000088a00000|100%| E|CS|TAMS 0x0000000088900000| PB 0x0000000088900000| Complete |  0
| 114|0x0000000088a00000, 0x0000000088b00000, 0x0000000088b00000|100%| E|CS|TAMS 0x0000000088a00000| PB 0x0000000088a00000| Complete |  0
| 115|0x0000000088b00000, 0x0000000088c00000, 0x0000000088c00000|100%| E|CS|TAMS 0x0000000088b00000| PB 0x0000000088b00000| Complete |  0
| 116|0x0000000088c00000, 0x0000000088d00000, 0x0000000088d00000|100%| E|CS|TAMS 0x0000000088c00000| PB 0x0000000088c00000| Complete |  0
| 117|0x0000000088d00000, 0x0000000088e00000, 0x0000000088e00000|100%| E|CS|TAMS 0x0000000088d00000| PB 0x0000000088d00000| Complete |  0
| 118|0x0000000088e00000, 0x0000000088f00000, 0x0000000088f00000|100%| E|CS|TAMS 0x0000000088e00000| PB 0x0000000088e00000| Complete |  0
| 119|0x0000000088f00000, 0x0000000089000000, 0x0000000089000000|100%| E|CS|TAMS 0x0000000088f00000| PB 0x0000000088f00000| Complete |  0
| 120|0x0000000089000000, 0x0000000089100000, 0x0000000089100000|100%| E|CS|TAMS 0x0000000089000000| PB 0x0000000089000000| Complete |  0
| 121|0x0000000089100000, 0x0000000089200000, 0x0000000089200000|100%| E|CS|TAMS 0x0000000089100000| PB 0x0000000089100000| Complete |  0
| 122|0x0000000089200000, 0x0000000089300000, 0x0000000089300000|100%| E|CS|TAMS 0x0000000089200000| PB 0x0000000089200000| Complete |  0
| 123|0x0000000089300000, 0x0000000089400000, 0x0000000089400000|100%| E|CS|TAMS 0x0000000089300000| PB 0x0000000089300000| Complete |  0
| 124|0x0000000089400000, 0x0000000089500000, 0x0000000089500000|100%| E|CS|TAMS 0x0000000089400000| PB 0x0000000089400000| Complete |  0
| 125|0x0000000089500000, 0x0000000089600000, 0x0000000089600000|100%| E|CS|TAMS 0x0000000089500000| PB 0x0000000089500000| Complete |  0
| 126|0x0000000089600000, 0x0000000089700000, 0x0000000089700000|100%| E|CS|TAMS 0x0000000089600000| PB 0x0000000089600000| Complete |  0
| 127|0x0000000089700000, 0x0000000089800000, 0x0000000089800000|100%| E|CS|TAMS 0x0000000089700000| PB 0x0000000089700000| Complete |  0
|2022|0x00000000ffe00000, 0x00000000fff00000, 0x00000000fff00000|100%| O|  |TAMS 0x00000000ffe00000| PB 0x00000000ffe00000| Untracked |  0
|2023|0x00000000fff00000, 0x00000000fff1d248, 0x0000000100000000| 11%| O|  |TAMS 0x00000000fff00000| PB 0x00000000fff00000| Untracked |  0

Card table byte_map: [0x00000196ec390000,0x00000196ec790000] _byte_map_base: 0x00000196ebf84000

Marking Bits: (CMBitMap*) 0x00000196d4408690
 Bits: [0x00000196ec790000, 0x00000196ee730000)

Polling page: 0x00000196d2260000

Metaspace:

Usage:
  Non-class:     16.33 MB used.
      Class:      1.76 MB used.
       Both:     18.09 MB used.

Virtual space:
  Non-class space:       64.00 MB reserved,      16.44 MB ( 26%) committed,  1 nodes.
      Class space:        1.00 GB reserved,       1.88 MB ( <1%) committed,  1 nodes.
             Both:        1.06 GB reserved,      18.31 MB (  2%) committed. 

Chunk freelists:
   Non-Class:  15.00 MB
       Class:  14.05 MB
        Both:  29.05 MB

MaxMetaspaceSize: unlimited
CompressedClassSpaceSize: 1.00 GB
Initial GC threshold: 21.00 MB
Current GC threshold: 21.00 MB
CDS: on
 - commit_granule_bytes: 65536.
 - commit_granule_words: 8192.
 - virtual_space_node_default_size: 8388608.
 - enlarge_chunks_in_place: 1.
UseCompressedClassPointers 1, UseCompactObjectHeaders 0
Narrow klass pointer bits 32, Max shift 3
Narrow klass base: 0x0000019680000000, Narrow klass shift: 0
Encoding Range: [0x0000019680000000 - 0x0000019780000000), (4294967296 bytes)
Klass Range:    [0x0000019680000000 - 0x00000196c1000000), (1090519040 bytes)
Klass ID Range:  [8 - 1090519033) (1090519025)


Internal statistics:

num_allocs_failed_limit: 0.
num_arena_births: 244.
num_arena_deaths: 0.
num_vsnodes_births: 2.
num_vsnodes_deaths: 0.
num_space_committed: 293.
num_space_uncommitted: 0.
num_chunks_returned_to_freelist: 0.
num_chunks_taken_from_freelist: 774.
num_chunk_merges: 0.
num_chunk_splits: 499.
num_chunks_enlarged: 367.
num_inconsistent_stats: 0.

CodeHeap 'non-profiled nmethods': size=120064Kb used=755Kb max_used=755Kb free=119308Kb
 bounds [0x00000196e4710000, 0x00000196e4980000, 0x00000196ebc50000]
CodeHeap 'profiled nmethods': size=120000Kb used=4598Kb max_used=4598Kb free=115401Kb
 bounds [0x00000196dcc50000, 0x00000196dd0d0000, 0x00000196e4180000]
CodeHeap 'non-nmethods': size=5696Kb used=1394Kb max_used=1399Kb free=4301Kb
 bounds [0x00000196e4180000, 0x00000196e43f0000, 0x00000196e4710000]
CodeCache: size=245760Kb, used=6747Kb, max_used=6752Kb, free=239010Kb
 total_blobs=3231, nmethods=2671, adapters=465, full_count=0
Compilation: enabled, stopped_count=0, restarted_count=0

Compilation events (20 events):
Event: 2.216 Thread 0x00000196f1194c20 2627       3       java.util.TreeMap::addEntry (59 bytes)
Event: 2.216 Thread 0x00000196f1194c20 nmethod 2627 0x00000196dd0b2a88 code [0x00000196dd0b2be0, 0x00000196dd0b3088]
Event: 2.216 Thread 0x00000196f1194c20 2624       3       java.math.BigInteger::compareMagnitude (73 bytes)
Event: 2.216 Thread 0x00000196f1194c20 nmethod 2624 0x00000196dd0b3108 code [0x00000196dd0b3280, 0x00000196dd0b36e8]
Event: 2.216 Thread 0x00000196f1194c20 2622       3       java.nio.charset.CoderResult::isOverflow (14 bytes)
Event: 2.217 Thread 0x00000196f1194c20 nmethod 2622 0x00000196dd0b3708 code [0x00000196dd0b3820, 0x00000196dd0b3978]
Event: 2.217 Thread 0x00000196f1194c20 2628       3       sun.security.util.DerOutputStream::putOID (7 bytes)
Event: 2.217 Thread 0x00000196f1194c20 nmethod 2628 0x00000196dd0b3a08 code [0x00000196dd0b3b60, 0x00000196dd0b41a0]
Event: 2.217 Thread 0x00000196f1194c20 2629       3       sun.security.util.ObjectIdentifier::encode (12 bytes)
Event: 2.217 Thread 0x00000196f1194c20 nmethod 2629 0x00000196dd0b4208 code [0x00000196dd0b4360, 0x00000196dd0b48a0]
Event: 2.217 Thread 0x00000196f1194c20 2634       3       sun.security.util.DerValue::getOctetString (138 bytes)
Event: 2.218 Thread 0x00000196f1194c20 nmethod 2634 0x00000196dd0b4908 code [0x00000196dd0b4ba0, 0x00000196dd0b6010]
Event: 2.218 Thread 0x00000196f1194c20 2631       3       sun.security.x509.Extension::<init> (75 bytes)
Event: 2.219 Thread 0x00000196f1194c20 nmethod 2631 0x00000196dd0b6108 code [0x00000196dd0b62c0, 0x00000196dd0b6820]
Event: 2.219 Thread 0x00000196f1194c20 2635       1       sun.security.x509.X509CertImpl::getEncodedInternal (5 bytes)
Event: 2.219 Thread 0x00000196f1194c20 nmethod 2635 0x00000196e47cbb08 code [0x00000196e47cbc00, 0x00000196e47cbcc8]
Event: 2.219 Thread 0x00000196f1194c20 2632   !   3       sun.security.x509.CertificateExtensions::parseExtension (281 bytes)
Event: 2.221 Thread 0x00000196f1194c20 nmethod 2632 0x00000196dd0b6888 code [0x00000196dd0b6c20, 0x00000196dd0b90e0]
Event: 2.221 Thread 0x00000196f1194c20 2633       3       sun.security.x509.OIDMap::getClass (26 bytes)
Event: 2.221 Thread 0x00000196f1194c20 nmethod 2633 0x00000196dd0b9208 code [0x00000196dd0b9360, 0x00000196dd0b97b0]

GC Heap History (2 events):
Event: 1.584 GC heap before
{Heap before GC invocations=0 (full 0):
 garbage-first heap   total reserved 2072576K, committed 133120K, used 50292K [0x0000000081800000, 0x0000000100000000)
  region size 1024K, 47 young (48128K), 0 survivors (0K)
 Metaspace       used 13123K, committed 13376K, reserved 1114112K
  class space    used 1268K, committed 1344K, reserved 1048576K
}
Event: 1.595 GC heap after
{Heap after GC invocations=1 (full 0):
 garbage-first heap   total reserved 2072576K, committed 133120K, used 8956K [0x0000000081800000, 0x0000000100000000)
  region size 1024K, 6 young (6144K), 6 survivors (6144K)
 Metaspace       used 13123K, committed 13376K, reserved 1114112K
  class space    used 1268K, committed 1344K, reserved 1048576K
}

Dll operation events (7 events):
Event: 0.013 Loaded shared library C:\Program Files\Java\jdk-24\bin\java.dll
Event: 0.059 Loaded shared library C:\Program Files\Java\jdk-24\bin\jsvml.dll
Event: 0.142 Loaded shared library C:\Program Files\Java\jdk-24\bin\net.dll
Event: 0.143 Loaded shared library C:\Program Files\Java\jdk-24\bin\nio.dll
Event: 0.164 Loaded shared library C:\Program Files\Java\jdk-24\bin\zip.dll
Event: 0.313 Loaded shared library C:\Program Files\Java\jdk-24\bin\jimage.dll
Event: 0.500 Loaded shared library C:\Program Files\Java\jdk-24\bin\extnet.dll

Deoptimization events (20 events):
Event: 2.111 Thread 0x00000196d2188660 Uncommon trap: trap_request=0xffffffc6 fr.pc=0x00000196e479a9fc relative=0x00000000000006bc
Event: 2.111 Thread 0x00000196d2188660 Uncommon trap: reason=bimorphic_or_optimized_type_check action=maybe_recompile pc=0x00000196e479a9fc method=java.util.HashMap.putVal(ILjava/lang/Object;Ljava/lang/Object;ZZ)Ljava/lang/Object; @ 203 c2
Event: 2.111 Thread 0x00000196d2188660 DEOPT PACKING pc=0x00000196e479a9fc sp=0x0000008a9bffc5e0
Event: 2.111 Thread 0x00000196d2188660 DEOPT UNPACKING pc=0x00000196e4294302 sp=0x0000008a9bffc4e8 mode 2
Event: 2.111 Thread 0x00000196d2188660 Uncommon trap: trap_request=0xffffffc6 fr.pc=0x00000196e479a9fc relative=0x00000000000006bc
Event: 2.111 Thread 0x00000196d2188660 Uncommon trap: reason=bimorphic_or_optimized_type_check action=maybe_recompile pc=0x00000196e479a9fc method=java.util.HashMap.putVal(ILjava/lang/Object;Ljava/lang/Object;ZZ)Ljava/lang/Object; @ 203 c2
Event: 2.111 Thread 0x00000196d2188660 DEOPT PACKING pc=0x00000196e479a9fc sp=0x0000008a9bffc5e0
Event: 2.111 Thread 0x00000196d2188660 DEOPT UNPACKING pc=0x00000196e4294302 sp=0x0000008a9bffc4e8 mode 2
Event: 2.113 Thread 0x00000196d2188660 Uncommon trap: trap_request=0xffffffc6 fr.pc=0x00000196e479a9fc relative=0x00000000000006bc
Event: 2.113 Thread 0x00000196d2188660 Uncommon trap: reason=bimorphic_or_optimized_type_check action=maybe_recompile pc=0x00000196e479a9fc method=java.util.HashMap.putVal(ILjava/lang/Object;Ljava/lang/Object;ZZ)Ljava/lang/Object; @ 203 c2
Event: 2.113 Thread 0x00000196d2188660 DEOPT PACKING pc=0x00000196e479a9fc sp=0x0000008a9bffc5e0
Event: 2.113 Thread 0x00000196d2188660 DEOPT UNPACKING pc=0x00000196e4294302 sp=0x0000008a9bffc4e8 mode 2
Event: 2.117 Thread 0x00000196d2188660 Uncommon trap: trap_request=0xffffffc6 fr.pc=0x00000196e479a9fc relative=0x00000000000006bc
Event: 2.117 Thread 0x00000196d2188660 Uncommon trap: reason=bimorphic_or_optimized_type_check action=maybe_recompile pc=0x00000196e479a9fc method=java.util.HashMap.putVal(ILjava/lang/Object;Ljava/lang/Object;ZZ)Ljava/lang/Object; @ 203 c2
Event: 2.117 Thread 0x00000196d2188660 DEOPT PACKING pc=0x00000196e479a9fc sp=0x0000008a9bffc5e0
Event: 2.117 Thread 0x00000196d2188660 DEOPT UNPACKING pc=0x00000196e4294302 sp=0x0000008a9bffc4e8 mode 2
Event: 2.152 Thread 0x00000196d2188660 Uncommon trap: trap_request=0xffffff4d fr.pc=0x00000196e4737e9c relative=0x00000000000001dc
Event: 2.152 Thread 0x00000196d2188660 Uncommon trap: reason=unstable_if action=reinterpret pc=0x00000196e4737e9c method=jdk.internal.util.ArraysSupport.vectorizedHashCode(Ljava/lang/Object;IIII)I @ 2 c2
Event: 2.152 Thread 0x00000196d2188660 DEOPT PACKING pc=0x00000196e4737e9c sp=0x0000008a9bffbe80
Event: 2.152 Thread 0x00000196d2188660 DEOPT UNPACKING pc=0x00000196e4294302 sp=0x0000008a9bffbe30 mode 2

Classes loaded (20 events):
Event: 2.200 Loading class sun/security/x509/AccessDescription
Event: 2.201 Loading class sun/security/x509/AccessDescription done
Event: 2.213 Loading class sun/security/x509/ExtendedKeyUsageExtension
Event: 2.214 Loading class sun/security/x509/ExtendedKeyUsageExtension done
Event: 2.217 Loading class sun/security/pkcs12/PKCS12KeyStore$PrivateKeyEntry
Event: 2.217 Loading class sun/security/pkcs12/PKCS12KeyStore$PrivateKeyEntry done
Event: 2.217 Loading class sun/security/validator/TrustStoreUtil
Event: 2.218 Loading class sun/security/validator/TrustStoreUtil done
Event: 2.219 Loading class sun/security/ssl/X509TrustManagerImpl
Event: 2.220 Loading class javax/net/ssl/X509TrustManager
Event: 2.220 Loading class javax/net/ssl/X509TrustManager done
Event: 2.220 Loading class javax/net/ssl/X509ExtendedTrustManager
Event: 2.220 Loading class javax/net/ssl/X509ExtendedTrustManager done
Event: 2.220 Loading class sun/security/ssl/X509TrustManagerImpl done
Event: 2.221 Loading class javax/net/ssl/SSLContext
Event: 2.222 Loading class javax/net/ssl/SSLContext done
Event: 2.222 Loading class javax/net/ssl/SSLContextSpi
Event: 2.222 Loading class javax/net/ssl/SSLContextSpi done
Event: 2.222 Loading class sun/security/ssl/SSLContextImpl$TLSContext
Event: 2.222 Loading class sun/security/ssl/SSLContextImpl$CustomizedTLSContext

Classes unloaded (0 events):
No events

Classes redefined (0 events):
No events

Internal exceptions (20 events):
Event: 1.488 Thread 0x00000196d2188660 Exception <a 'java/lang/NoSuchMethodError'{0x0000000086c1cce8}: 'java.lang.Object java.lang.invoke.DirectMethodHandle$Holder.newInvokeSpecial(java.lang.Object, java.lang.Object, java.lang.Object, java.lang.Object, java.lang.Object, java.lang.Object)'> (0x0000000086c1cce8) 
thrown [s\open\src\hotspot\share\interpreter\linkResolver.cpp, line 805]
Event: 1.490 Thread 0x00000196d2188660 Exception <a 'java/lang/NoSuchMethodError'{0x0000000086c2df78}: 'void java.lang.invoke.DirectMethodHandle$Holder.invokeStaticInit(java.lang.Object)'> (0x0000000086c2df78) 
thrown [s\open\src\hotspot\share\interpreter\linkResolver.cpp, line 805]
Event: 1.498 Thread 0x00000196d2188660 Exception <a 'java/lang/NoSuchMethodError'{0x0000000086c5b7a8}: 'java.lang.Object java.lang.invoke.DirectMethodHandle$Holder.invokeSpecialIFC(java.lang.Object, java.lang.Object, java.lang.Object, java.lang.Object, java.lang.Object)'> (0x0000000086c5b7a8) 
thrown [s\open\src\hotspot\share\interpreter\linkResolver.cpp, line 805]
Event: 1.522 Thread 0x00000196d2188660 Exception <a 'java/lang/NoSuchMethodError'{0x0000000086b76550}: 'void java.lang.invoke.DirectMethodHandle$Holder.invokeInterface(java.lang.Object, java.lang.Object, java.lang.Object)'> (0x0000000086b76550) 
thrown [s\open\src\hotspot\share\interpreter\linkResolver.cpp, line 805]
Event: 1.602 Thread 0x00000196d2188660 Exception <a 'java/lang/IncompatibleClassChangeError'{0x0000000089731768}: Found class java.lang.Object, but interface was expected> (0x0000000089731768) 
thrown [s\open\src\hotspot\share\interpreter\linkResolver.cpp, line 872]
Event: 1.639 Thread 0x00000196d2188660 Exception <a 'java/lang/NoSuchMethodError'{0x000000008968db08}: 'void java.lang.invoke.DirectMethodHandle$Holder.invokeSpecial(java.lang.Object, java.lang.Object, java.lang.Object, java.lang.Object, java.lang.Object)'> (0x000000008968db08) 
thrown [s\open\src\hotspot\share\interpreter\linkResolver.cpp, line 805]
Event: 1.834 Thread 0x00000196d2188660 Implicit null exception at 0x00000196e47b2e2e to 0x00000196e47b2e68
Event: 1.893 Thread 0x00000196d2188660 Exception <a 'java/lang/NoSuchMethodError'{0x0000000088fc4bf8}: 'long java.lang.invoke.DelegatingMethodHandle$Holder.reinvoke_L(java.lang.Object, java.lang.Object)'> (0x0000000088fc4bf8) 
thrown [s\open\src\hotspot\share\interpreter\linkResolver.cpp, line 805]
Event: 1.894 Thread 0x00000196d2188660 Exception <a 'java/lang/NoSuchMethodError'{0x0000000088fdd060}: 'void java.lang.invoke.DelegatingMethodHandle$Holder.reinvoke_L(java.lang.Object, java.lang.Object, long)'> (0x0000000088fdd060) 
thrown [s\open\src\hotspot\share\interpreter\linkResolver.cpp, line 805]
Event: 1.894 Thread 0x00000196d2188660 Exception <a 'java/lang/NoSuchMethodError'{0x0000000088fed4d0}: 'long java.lang.invoke.Invokers$Holder.invokeExact_MT(java.lang.Object, java.lang.Object, java.lang.Object)'> (0x0000000088fed4d0) 
thrown [s\open\src\hotspot\share\interpreter\linkResolver.cpp, line 805]
Event: 1.899 Thread 0x00000196d2188660 Exception <a 'java/lang/NoSuchMethodError'{0x0000000088e660b0}: 'java.lang.Object java.lang.invoke.Invokers$Holder.invokeExact_MT(java.lang.Object, java.lang.Object, java.lang.Object, java.lang.Object, java.lang.Object)'> (0x0000000088e660b0) 
thrown [s\open\src\hotspot\share\interpreter\linkResolver.cpp, line 805]
Event: 1.938 Thread 0x00000196d2188660 Exception <a 'java/lang/NoSuchMethodError'{0x0000000088c07c50}: 'java.lang.Object java.lang.invoke.DirectMethodHandle$Holder.invokeStaticInit(java.lang.Object, java.lang.Object, java.lang.Object, int)'> (0x0000000088c07c50) 
thrown [s\open\src\hotspot\share\interpreter\linkResolver.cpp, line 805]
Event: 1.941 Thread 0x00000196d2188660 Exception <a 'java/lang/NoSuchMethodError'{0x0000000088c2bdd8}: 'java.lang.Object java.lang.invoke.DirectMethodHandle$Holder.invokeStaticInit(java.lang.Object, java.lang.Object, java.lang.Object, java.lang.Object, java.lang.Object, java.lang.Object, java.lang.Object, int)'> (0x0000000088c2bdd8) 
thrown [s\open\src\hotspot\share\interpreter\linkResolver.cpp, line 805]
Event: 1.953 Thread 0x00000196d2188660 Exception <a 'java/lang/NoSuchMethodError'{0x0000000088ca4a20}: 'java.lang.Object java.lang.invoke.DirectMethodHandle$Holder.newInvokeSpecial(java.lang.Object, java.lang.Object, java.lang.Object, int)'> (0x0000000088ca4a20) 
thrown [s\open\src\hotspot\share\interpreter\linkResolver.cpp, line 805]
Event: 1.954 Thread 0x00000196d2188660 Exception <a 'java/lang/NoSuchMethodError'{0x0000000088cacc70}: 'java.lang.Object java.lang.invoke.Invokers$Holder.linkToTargetMethod(java.lang.Object, java.lang.Object, int, java.lang.Object)'> (0x0000000088cacc70) 
thrown [s\open\src\hotspot\share\interpreter\linkResolver.cpp, line 805]
Event: 1.997 Thread 0x00000196d2188660 Exception <a 'java/lang/NoSuchMethodError'{0x0000000088bfd268}: 'void java.lang.invoke.DirectMethodHandle$Holder.invokeSpecial(java.lang.Object, java.lang.Object, java.lang.Object, java.lang.Object, java.lang.Object, java.lang.Object)'> (0x0000000088bfd268) 
thrown [s\open\src\hotspot\share\interpreter\linkResolver.cpp, line 805]
Event: 1.999 Thread 0x00000196d2188660 Exception <a 'java/lang/NoSuchMethodError'{0x0000000088a1ee10}: 'java.lang.Object java.lang.invoke.DirectMethodHandle$Holder.newInvokeSpecial(java.lang.Object, java.lang.Object, int)'> (0x0000000088a1ee10) 
thrown [s\open\src\hotspot\share\interpreter\linkResolver.cpp, line 805]
Event: 2.001 Thread 0x00000196d2188660 Exception <a 'java/lang/NoSuchMethodError'{0x0000000088a2efa8}: 'java.lang.Object java.lang.invoke.DirectMethodHandle$Holder.invokeSpecial(java.lang.Object, java.lang.Object, int, java.lang.Object, java.lang.Object)'> (0x0000000088a2efa8) 
thrown [s\open\src\hotspot\share\interpreter\linkResolver.cpp, line 805]
Event: 2.002 Thread 0x00000196d2188660 Exception <a 'java/lang/NoSuchMethodError'{0x0000000088a3f6a0}: 'java.lang.Object java.lang.invoke.DirectMethodHandle$Holder.newInvokeSpecial(java.lang.Object, java.lang.Object, int, java.lang.Object)'> (0x0000000088a3f6a0) 
thrown [s\open\src\hotspot\share\interpreter\linkResolver.cpp, line 805]
Event: 2.012 Thread 0x00000196d2188660 Exception <a 'java/lang/NoSuchMethodError'{0x0000000088abb710}: 'void java.lang.invoke.DirectMethodHandle$Holder.invokeVirtual(java.lang.Object, java.lang.Object)'> (0x0000000088abb710) 
thrown [s\open\src\hotspot\share\interpreter\linkResolver.cpp, line 805]

VM Operations (20 events):
Event: 1.525 Executing VM operation: HandshakeAllThreads (Deoptimize)
Event: 1.525 Executing VM operation: HandshakeAllThreads (Deoptimize) done
Event: 1.526 Executing VM operation: HandshakeAllThreads (Deoptimize)
Event: 1.526 Executing VM operation: HandshakeAllThreads (Deoptimize) done
Event: 1.583 Executing VM operation: G1CollectForAllocation (G1 Evacuation Pause)
Event: 1.595 Executing VM operation: G1CollectForAllocation (G1 Evacuation Pause) done
Event: 1.656 Executing VM operation: HandshakeAllThreads (Deoptimize)
Event: 1.656 Executing VM operation: HandshakeAllThreads (Deoptimize) done
Event: 1.831 Executing VM operation: HandshakeAllThreads (Deoptimize)
Event: 1.831 Executing VM operation: HandshakeAllThreads (Deoptimize) done
Event: 1.834 Executing VM operation: HandshakeAllThreads (Deoptimize)
Event: 1.834 Executing VM operation: HandshakeAllThreads (Deoptimize) done
Event: 2.032 Executing VM operation: HandshakeAllThreads (Deoptimize)
Event: 2.032 Executing VM operation: HandshakeAllThreads (Deoptimize) done
Event: 2.108 Executing VM operation: HandshakeAllThreads (Deoptimize)
Event: 2.108 Executing VM operation: HandshakeAllThreads (Deoptimize) done
Event: 2.137 Executing VM operation: HandshakeAllThreads (Deoptimize)
Event: 2.137 Executing VM operation: HandshakeAllThreads (Deoptimize) done
Event: 2.157 Executing VM operation: HandshakeAllThreads (Deoptimize)
Event: 2.157 Executing VM operation: HandshakeAllThreads (Deoptimize) done

Memory protections (0 events):
No events

Nmethod flushes (0 events):
No events

Events (13 events):
Event: 0.041 Thread 0x00000196d2188660 Thread added: 0x00000196d2188660
Event: 0.056 Thread 0x00000196d2188660 Thread added: 0x00000196f1175a00
Event: 0.056 Thread 0x00000196d2188660 Thread added: 0x00000196f1177350
Event: 0.056 Thread 0x00000196d2188660 Thread added: 0x00000196f117a1e0
Event: 0.056 Thread 0x00000196d2188660 Thread added: 0x00000196f117ad10
Event: 0.057 Thread 0x00000196d2188660 Thread added: 0x00000196f117b840
Event: 0.057 Thread 0x00000196d2188660 Thread added: 0x00000196f117d390
Event: 0.057 Thread 0x00000196d2188660 Thread added: 0x00000196f11940a0
Event: 0.057 Thread 0x00000196d2188660 Thread added: 0x00000196f1194c20
Event: 0.137 Thread 0x00000196d2188660 Thread added: 0x00000196c5077760
Event: 0.139 Thread 0x00000196d2188660 Thread added: 0x00000196c507c160
Event: 0.176 Thread 0x00000196f1194c20 Thread added: 0x00000196c5170530
Event: 0.508 Thread 0x00000196d2188660 Thread added: 0x00000196c5d2acc0


Dynamic libraries:
0x00007ff665da0000 - 0x00007ff665db0000 	C:\Program Files\Java\jdk-24\bin\javaw.exe
0x00007ffa51110000 - 0x00007ffa51308000 	C:\WINDOWS\SYSTEM32\ntdll.dll
0x00007ffa4f130000 - 0x00007ffa4f1f2000 	C:\WINDOWS\System32\KERNEL32.DLL
0x00007ffa4e830000 - 0x00007ffa4eb26000 	C:\WINDOWS\System32\KERNELBASE.dll
0x00007ffa4eed0000 - 0x00007ffa4efd0000 	C:\WINDOWS\System32\ucrtbase.dll
0x00007ffa4acb0000 - 0x00007ffa4accb000 	C:\Program Files\Java\jdk-24\bin\VCRUNTIME140.dll
0x00007ffa4a9d0000 - 0x00007ffa4a9e6000 	C:\Program Files\Java\jdk-24\bin\jli.dll
0x00007ffa4fda0000 - 0x00007ffa4ff41000 	C:\WINDOWS\System32\USER32.dll
0x00007ffa4f100000 - 0x00007ffa4f122000 	C:\WINDOWS\System32\win32u.dll
0x00007ffa3ceb0000 - 0x00007ffa3d14b000 	C:\WINDOWS\WinSxS\amd64_microsoft.windows.common-controls_6595b64144ccf1df_6.0.19041.6456_none_60b8a6cb71f64256\COMCTL32.dll
0x00007ffa4f5a0000 - 0x00007ffa4f5cb000 	C:\WINDOWS\System32\GDI32.dll
0x00007ffa4f500000 - 0x00007ffa4f59e000 	C:\WINDOWS\System32\msvcrt.dll
0x00007ffa4ebb0000 - 0x00007ffa4ecc9000 	C:\WINDOWS\System32\gdi32full.dll
0x00007ffa4ee30000 - 0x00007ffa4eecd000 	C:\WINDOWS\System32\msvcp_win.dll
0x00007ffa4f760000 - 0x00007ffa4f78f000 	C:\WINDOWS\System32\IMM32.DLL
0x00007ffa4ae30000 - 0x00007ffa4ae3c000 	C:\Program Files\Java\jdk-24\bin\vcruntime140_1.dll
0x00007ffa4a3b0000 - 0x00007ffa4a43e000 	C:\Program Files\Java\jdk-24\bin\msvcp140.dll
0x00007ffa13850000 - 0x00007ffa145f1000 	C:\Program Files\Java\jdk-24\bin\server\jvm.dll
0x00007ffa4f440000 - 0x00007ffa4f4f1000 	C:\WINDOWS\System32\ADVAPI32.dll
0x00007ffa50100000 - 0x00007ffa5019f000 	C:\WINDOWS\System32\sechost.dll
0x00007ffa4f200000 - 0x00007ffa4f320000 	C:\WINDOWS\System32\RPCRT4.dll
0x00007ffa4eb30000 - 0x00007ffa4eb57000 	C:\WINDOWS\System32\bcrypt.dll
0x00007ffa51060000 - 0x00007ffa510cb000 	C:\WINDOWS\System32\WS2_32.dll
0x00007ffa4dca0000 - 0x00007ffa4dceb000 	C:\WINDOWS\SYSTEM32\POWRPROF.dll
0x00007ffa45d30000 - 0x00007ffa45d3a000 	C:\WINDOWS\SYSTEM32\VERSION.dll
0x00007ffa3c030000 - 0x00007ffa3c057000 	C:\WINDOWS\SYSTEM32\WINMM.dll
0x00007ffa4db60000 - 0x00007ffa4db72000 	C:\WINDOWS\SYSTEM32\UMPDC.dll
0x00007ffa4cf70000 - 0x00007ffa4cf82000 	C:\WINDOWS\SYSTEM32\kernel.appcore.dll
0x00007ffa4ade0000 - 0x00007ffa4adea000 	C:\Program Files\Java\jdk-24\bin\jimage.dll
0x00007ffa4cc60000 - 0x00007ffa4ce61000 	C:\WINDOWS\SYSTEM32\DBGHELP.DLL
0x00007ffa3d210000 - 0x00007ffa3d244000 	C:\WINDOWS\SYSTEM32\dbgcore.DLL
0x00007ffa4e7a0000 - 0x00007ffa4e822000 	C:\WINDOWS\System32\bcryptPrimitives.dll
0x00007ffa4a9b0000 - 0x00007ffa4a9ce000 	C:\Program Files\Java\jdk-24\bin\java.dll
0x00007ffa4f5d0000 - 0x00007ffa4f6fb000 	C:\WINDOWS\System32\ole32.dll
0x00007ffa50c20000 - 0x00007ffa50f74000 	C:\WINDOWS\System32\combase.dll
0x00007ffa50220000 - 0x00007ffa50990000 	C:\WINDOWS\System32\SHELL32.dll
0x00007ffa4c3e0000 - 0x00007ffa4cb85000 	C:\WINDOWS\SYSTEM32\windows.storage.dll
0x00007ffa4e0f0000 - 0x00007ffa4e11b000 	C:\WINDOWS\SYSTEM32\Wldp.dll
0x00007ffa50aa0000 - 0x00007ffa50b6d000 	C:\WINDOWS\System32\OLEAUT32.dll
0x00007ffa4f790000 - 0x00007ffa4f83d000 	C:\WINDOWS\System32\SHCORE.dll
0x00007ffa501c0000 - 0x00007ffa5021b000 	C:\WINDOWS\System32\shlwapi.dll
0x00007ffa4e6d0000 - 0x00007ffa4e6f4000 	C:\WINDOWS\SYSTEM32\profapi.dll
0x00007ffa43320000 - 0x00007ffa433f7000 	C:\Program Files\Java\jdk-24\bin\jsvml.dll
0x00007ffa4a9a0000 - 0x00007ffa4a9b0000 	C:\Program Files\Java\jdk-24\bin\net.dll
0x00007ffa4ded0000 - 0x00007ffa4df3a000 	C:\WINDOWS\system32\mswsock.dll
0x00007ffa4a390000 - 0x00007ffa4a3a6000 	C:\Program Files\Java\jdk-24\bin\nio.dll
0x00007ffa4a370000 - 0x00007ffa4a387000 	C:\Program Files\Java\jdk-24\bin\zip.dll
0x00007ffa4dbd0000 - 0x00007ffa4dc9a000 	C:\WINDOWS\SYSTEM32\DNSAPI.dll
0x00007ffa4db80000 - 0x00007ffa4dbbb000 	C:\WINDOWS\SYSTEM32\IPHLPAPI.DLL
0x00007ffa501b0000 - 0x00007ffa501b8000 	C:\WINDOWS\System32\NSI.dll
0x00007ffa3b050000 - 0x00007ffa3b05a000 	C:\Windows\System32\rasadhlp.dll
0x00007ffa3bb20000 - 0x00007ffa3bba0000 	C:\WINDOWS\System32\fwpuclnt.dll
0x00007ffa4a360000 - 0x00007ffa4a369000 	C:\Program Files\Java\jdk-24\bin\extnet.dll
0x00007ffa4e130000 - 0x00007ffa4e148000 	C:\WINDOWS\SYSTEM32\CRYPTSP.dll
0x00007ffa4d7a0000 - 0x00007ffa4d7d8000 	C:\WINDOWS\system32\rsaenh.dll
0x00007ffa4e690000 - 0x00007ffa4e6be000 	C:\WINDOWS\SYSTEM32\USERENV.dll
0x00007ffa4e060000 - 0x00007ffa4e06c000 	C:\WINDOWS\SYSTEM32\CRYPTBASE.dll

JVMTI agents: none

dbghelp: loaded successfully - version: 4.0.5 - missing functions: none
symbol engine: initialized successfully - sym options: 0x614 - pdb path: .;C:\Program Files\Java\jdk-24\bin;C:\WINDOWS\SYSTEM32;C:\WINDOWS\WinSxS\amd64_microsoft.windows.common-controls_6595b64144ccf1df_6.0.19041.6456_none_60b8a6cb71f64256;C:\Program Files\Java\jdk-24\bin\server

VM Arguments:
jvm_args: -ea -Dfile.encoding=UTF-8 -Dstdout.encoding=UTF-8 -Dstderr.encoding=UTF-8 -XX:+ShowCodeDetailsInExceptionMessages 
java_command: org.testng.remote.RemoteTestNG -serport 50403 -protocol json -d C:\Users\PC\eclipse-workspace\ebay\test-output C:\Users\PC\AppData\Local\Temp\testng-eclipse--1924838932\testng-customsuite.xml
java_class_path (initial): C:\Users\PC\eclipse\java-2025-06\eclipse\configuration\org.eclipse.osgi\561\0\.cp\lib\testng-remote.jar;C:\Users\PC\eclipse-workspace\ebay\target\test-classes;C:\Users\PC\eclipse-workspace\ebay\target\classes;C:\Users\PC\.m2\repository\io\cucumber\cucumber-testng\7.30.0\cucumber-testng-7.30.0.jar;C:\Users\PC\.m2\repository\org\apiguardian\apiguardian-api\1.1.2\apiguardian-api-1.1.2.jar;C:\Users\PC\.m2\repository\io\cucumber\cucumber-core\7.30.0\cucumber-core-7.30.0.jar;C:\Users\PC\.m2\repository\io\cucumber\cucumber-gherkin\7.30.0\cucumber-gherkin-7.30.0.jar;C:\Users\PC\.m2\repository\io\cucumber\cucumber-gherkin-messages\7.30.0\cucumber-gherkin-messages-7.30.0.jar;C:\Users\PC\.m2\repository\io\cucumber\gherkin\35.1.0\gherkin-35.1.0.jar;C:\Users\PC\.m2\repository\org\assertj\assertj-core\3.27.5\assertj-core-3.27.5.jar;C:\Users\PC\.m2\repository\io\cucumber\pretty-formatter\2.3.0\pretty-formatter-2.3.0.jar;C:\Users\PC\.m2\repository\io\cucumber\query\14.6.0\query-14.6.0.jar;C:\Users\PC\.m2\repository\io\cucumber\teamcity-formatter\0.1.1\teamcity-formatter-0.1.1.jar;C:\Users\PC\.m2\repository\io\cucumber\testng-xml-formatter\0.6.0\testng-xml-formatter-0.6.0.jar;C:\Users\PC\.m2\repository\io\cucumber\tag-expressions\6.1.2\tag-expressions-6.1.2.jar;C:\Users\PC\.m2\repository\io\cucumber\cucumber-expressions\18.0.1\cucumber-expressions-18.0.1.jar;C:\Users\PC\.m2\repository\io\cucumber\cucumber-json-formatter\0.2.1\cucumber-json-formatter-0.2.1.jar;C:\Users\PC\.m2\repository\io\cucumber\datatable\7.30.0\datatable-7.30.0.jar;C:\Users\PC\.m2\repository\io\cucumber\cucumber-plugin\7.30.0\cucumber-plugin-7.30.0.jar;C:\Users\PC\.m2\repository\io\cucumber\docstring\7.30.0\docstring-7.30.0.jar;C:\Users\PC\.m2\repository\io\cucumber\html-formatter\21.15.1\html-formatter-21.15.1.jar;C:\Users\PC\.m2\repository\io\cucumber\junit-xml-formatter\0.9.0\junit-xml-formatter-0.9.0.jar;C:\Users\PC\.m2\repository\io\cucumber\ci-environment\10.0.1\ci-environment-10.0.1.jar;C:\Users\PC\.m2\repository\org\testng\testng\7.11.0\testng-7.11.0.jar;C:\Users\PC\.m2\repository\org\jcommander\jcommander\1.83\jcommander-1.83.jar;C:\Users\PC\.m2\repository\org\webjars\jquery\3.7.1\jquery-3.7.1.jar;C:\Users\PC\.m2\repository\io\cucumber\cucumber-java\7.30.0\cucumber-java-7.30.0.jar;C:\Users\PC\.m2\repository\io\cucumber\messages\29.0.1\messages-29.0.1.jar;C:\Users\PC\.m2\repository\junit\junit\4.13.2\junit-4.13.2.jar;C:\Users\PC\.m2\repository\org\hamcrest\hamcrest-core\1.3\hamcrest-core-1.3.jar;C:\Users\PC\.m2\repository\io\github\bonigarcia\webdrivermanager\6.1.0\webdrivermanager-6.1.0.jar;C:\Users\PC\.m2\repository\org\slf4j\slf4j-api\2.0.17\slf4j-api-2.0.17.jar;C:\Users\PC\.m2\repository\com\google\code\gson\gson\2.13.0\gson-2.13.0.jar;C:\Users\PC\.m2\repository\com\google\errorprone\error_prone_annotations\2.37.0\error_prone_annotations-2.37.0.jar;C:\Users\PC\.m2\repository\com\github\docker-java\docker-java\3.5.0\docker-java-3.5.0.jar;C:\Users\PC\.m2\repository\com\github\docker-java\docker-java-core\3.5.0\docker-java-core-3.5.0.jar;C:\Users\PC\.m2\repository\com\github\docker-java\docker-java-api\3.5.0\docker-java-api-3.5.0.jar;C:\Users\PC\.m2\repository\com\fasterxml\jackson\core\jackson-annotations\2.18.3\jackson-annotations-2.18.3.jar;C:\Users\PC\.m2\repository\com\fasterxml\jackson\core\jackson-databind\2.18.3\jackson-databind-2.18.3.jar;C:\Users\PC\.m2\repository\com\fasterxml\jackson\core\jackson-core\2.18.3\jackson-core-2.18.3.jar;C:\Users\PC\.m2\repository\org\slf4j\jcl-over-slf4j\1.7.30\jcl-over-slf4j-1.7.30.jar;C:\Users\PC\.m2\repository\com\github\docker-java\docker-java-transport-httpclient5\3.5.0\docker-java-transport-httpclient5-3.5.0.jar;C:\Users\PC\.m2\repository\com\github\docker-java\docker-java-transport\3.5.0\docker-java-transport-3.5.0.jar;C:\Users\PC\.m2\repository\net\java\dev\jna\jna\5.17.0\jna-5.17.0.jar;C:\Users\PC\.m2\repository\org\brotli\dec\0.1.2\dec-0.1.2.jar;C:\Users\PC\.m2\repository\org\apache\commons\commons-lang3\3.17.0\commons-lang3-3.17.0.jar;C:\Users\PC\.m2\repository\org\apache\commons\commons-compress\1.27.1\commons-compress-1.27.1.jar;C:\Users\PC\.m2\repository\commons-codec\commons-codec\1.17.1\commons-codec-1.17.1.jar;C:\Users\PC\.m2\repository\commons-io\commons-io\2.16.1\commons-io-2.16.1.jar;C:\Users\PC\.m2\repository\org\apache\httpcomponents\client5\httpclient5\5.4.3\httpclient5-5.4.3.jar;C:\Users\PC\.m2\repository\org\apache\httpcomponents\core5\httpcore5\5.3.4\httpcore5-5.3.4.jar;C:\Users\PC\.m2\repository\org\apache\httpcomponents\core5\httpcore5-h2\5.3.4\httpcore5-h2-5.3.4.jar;C:\Users\PC\.m2\repository\net\java\dev\jna\jna-platform\5.13.0\jna-platform-5.13.0.jar;C:\Users\PC\.m2\repository\org\seleniumhq\selenium\selenium-java\4.34.0\selenium-java-4.34.0.jar;C:\Users\PC\.m2\repository\org\seleniumhq\selenium\selenium-api\4.34.0\selenium-api-4.34.0.jar;C:\Users\PC\.m2\repository\org\jspecify\jspecify\1.0.0\jspecify-1.0.0.jar;C:\Users\PC\.m2\repository\org\seleniumhq\selenium\selenium-chrome-driver\4.34.0\selenium-chrome-driver-4.34.0.jar;C:\Users\PC\.m2\repository\com\google\auto\service\auto-service-annotations\1.1.1\auto-service-annotations-1.1.1.jar;C:\Users\PC\.m2\repository\org\seleniumhq\selenium\selenium-chromium-driver\4.34.0\selenium-chromium-driver-4.34.0.jar;C:\Users\PC\.m2\repository\org\seleniumhq\selenium\selenium-json\4.34.0\selenium-json-4.34.0.jar;C:\Users\PC\.m2\repository\org\seleniumhq\selenium\selenium-manager\4.34.0\selenium-manager-4.34.0.jar;C:\Users\PC\.m2\repository\org\seleniumhq\selenium\selenium-devtools-v136\4.34.0\selenium-devtools-v136-4.34.0.jar;C:\Users\PC\.m2\repository\org\seleniumhq\selenium\selenium-devtools-v137\4.34.0\selenium-devtools-v137-4.34.0.jar;C:\Users\PC\.m2\repository\org\seleniumhq\selenium\selenium-devtools-v138\4.34.0\selenium-devtools-v138-4.34.0.jar;C:\Users\PC\.m2\repository\org\seleniumhq\selenium\selenium-edge-driver\4.34.0\selenium-edge-driver-4.34.0.jar;C:\Users\PC\.m2\repository\org\seleniumhq\selenium\selenium-firefox-driver\4.34.0\selenium-firefox-driver-4.34.0.jar;C:\Users\PC\.m2\repository\org\seleniumhq\selenium\selenium-http\4.34.0\selenium-http-4.34.0.jar;C:\Users\PC\.m2\repository\org\seleniumhq\selenium\selenium-ie-driver\4.34.0\selenium-ie-driver-4.34.0.jar;C:\Users\PC\.m2\repository\org\seleniumhq\selenium\selenium-remote-driver\4.34.0\selenium-remote-driver-4.34.0.jar;C:\Users\PC\.m2\repository\com\google\guava\guava\33.4.8-jre\guava-33.4.8-jre.jar;C:\Users\PC\.m2\repository\com\google\guava\failureaccess\1.0.3\failureaccess-1.0.3.jar;C:\Users\PC\.m2\repository\com\google\guava\listenablefuture\9999.0-empty-to-avoid-conflict-with-guava\listenablefuture-9999.0-empty-to-avoid-conflict-with-guava.jar;C:\Users\PC\.m2\repository\com\google\j2objc\j2objc-annotations\3.0.0\j2objc-annotations-3.0.0.jar;C:\Users\PC\.m2\repository\io\opentelemetry\opentelemetry-api\1.51.0\opentelemetry-api-1.51.0.jar;C:\Users\PC\.m2\repository\io\opentelemetry\opentelemetry-context\1.51.0\opentelemetry-context-1.51.0.jar;C:\Users\PC\.m2\repository\io\opentelemetry\opentelemetry-exporter-logging\1.51.0\opentelemetry-exporter-logging-1.51.0.jar;C:\Users\PC\.m2\repository\io\opentelemetry\opentelemetry-sdk-common\1.51.0\opentelemetry-sdk-common-1.51.0.jar;C:\Users\PC\.m2\repository\io\opentelemetry\opentelemetry-sdk-extension-autoconfigure-spi\1.51.0\opentelemetry-sdk-extension-autoconfigure-spi-1.51.0.jar;C:\Users\PC\.m2\repository\io\opentelemetry\opentelemetry-sdk-extension-autoconfigure\1.51.0\opentelemetry-sdk-extension-autoconfigure-1.51.0.jar;C:\Users\PC\.m2\repository\io\opentelemetry\opentelemetry-sdk-trace\1.51.0\opentelemetry-sdk-trace-1.51.0.jar;C:\Users\PC\.m2\repository\io\opentelemetry\opentelemetry-sdk\1.51.0\opentelemetry-sdk-1.51.0.jar;C:\Users\PC\.m2\repository\io\opentelemetry\opentelemetry-sdk-metrics\1.51.0\opentelemetry-sdk-metrics-1.51.0.jar;C:\Users\PC\.m2\repository\io\opentelemetry\opentelemetry-sdk-logs\1.51.0\opentelemetry-sdk-logs-1.51.0.jar;C:\Users\PC\.m2\repository\net\bytebuddy\byte-buddy\1.17.6\byte-buddy-1.17.6.jar;C:\Users\PC\.m2\repository\org\seleniumhq\selenium\selenium-os\4.34.0\selenium-os-4.34.0.jar;C:\Users\PC\.m2\repository\org\apache\commons\commons-exec\1.5.0\commons-exec-1.5.0.jar;C:\Users\PC\.m2\repository\org\seleniumhq\selenium\selenium-safari-driver\4.34.0\selenium-safari-driver-4.34.0.jar;C:\Users\PC\.m2\repository\org\seleniumhq\selenium\selenium-support\4.34.0\selenium-support-4.34.0.jar
Launcher Type: SUN_STANDARD

[Global flags]
     intx CICompilerCount                          = 4                                         {product} {ergonomic}
     uint ConcGCThreads                            = 2                                         {product} {ergonomic}
     uint G1ConcRefinementThreads                  = 8                                         {product} {ergonomic}
   size_t G1HeapRegionSize                         = 1048576                                   {product} {ergonomic}
   size_t InitialHeapSize                          = 134217728                                 {product} {ergonomic}
   size_t MarkStackSize                            = 4194304                                   {product} {ergonomic}
   size_t MarkStackSizeMax                         = 536870912                                 {product} {ergonomic}
   size_t MaxHeapSize                              = 2122317824                                {product} {ergonomic}
   size_t MaxNewSize                               = 1272971264                                {product} {ergonomic}
   size_t MinHeapDeltaBytes                        = 1048576                                   {product} {ergonomic}
   size_t MinHeapSize                              = 8388608                                   {product} {ergonomic}
    uintx NonNMethodCodeHeapSize                   = 5832704                                {pd product} {ergonomic}
    uintx NonProfiledCodeHeapSize                  = 122945536                              {pd product} {ergonomic}
    uintx ProfiledCodeHeapSize                     = 122880000                              {pd product} {ergonomic}
    uintx ReservedCodeCacheSize                    = 251658240                              {pd product} {ergonomic}
     bool SegmentedCodeCache                       = true                                      {product} {ergonomic}
     bool ShowCodeDetailsInExceptionMessages       = true                                   {manageable} {command line}
   size_t SoftMaxHeapSize                          = 2122317824                             {manageable} {ergonomic}
     bool UseCompressedOops                        = true                           {product lp64_product} {ergonomic}
     bool UseG1GC                                  = true                                      {product} {ergonomic}
     bool UseLargePagesIndividualAllocation        = false                                  {pd product} {ergonomic}

Logging:
Log output configuration:
 #0: stdout all=warning uptime,level,tags foldmultilines=false
 #1: stderr all=off uptime,level,tags foldmultilines=false

Environment Variables:
JAVA_HOME=C:\Program Files\Java\jdk-21\bin
PATH=C:/Users/PC/.p2/pool/plugins/org.eclipse.justj.openjdk.hotspot.jre.full.win32.x86_64_21.0.8.v20250724-1412/jre/bin/server;C:/Users/PC/.p2/pool/plugins/org.eclipse.justj.openjdk.hotspot.jre.full.win32.x86_64_21.0.8.v20250724-1412/jre/bin;C:\Program Files (x86)\Common Files\Oracle\Java\javapath;C:\WINDOWS\system32;C:\WINDOWS;C:\WINDOWS\System32\Wbem;C:\WINDOWS\System32\WindowsPowerShell\v1.0\;C:\WINDOWS\System32\OpenSSH\;C:\Program Files\dotnet\;C:\Program Files (x86)\Intel\Intel(R) Management Engine Components\DAL;C:\Program Files\Intel\Intel(R) Management Engine Components\DAL;C:\Program Files\Intel\WiFi\bin\;C:\Program Files\Common Files\Intel\WirelessCommon\;C:\Program Files\Microsoft SQL Server\150\Tools\Binn\;C:\Program Files\Java\jdk-21\bin;C:\Program Files\Git\cmd;C:\Users\PC\Downloads\apache-maven-3.9.11-bin\apache-maven-3.9.11\bin;C:\Program Files\Nodejs;C:\Program Files (x86)\VMware\VMware Player\bin\;C:\Windows\system32;C:\Windows;C:\Windows\System32\Wbem;C:\Windows\System32\WindowsPowerShell\v1.0\;C:\Windows\System32\OpenSSH\;C:\Program Files\dotnet\;C:\Program Files (x86)\Intel\Intel(R) Management Engine Components\DAL;C:\Program Files\Intel\Intel(R) Management Engine Components\DAL;C:\Program Files\nodejs\;C:\Users\PC\AppData\Local\Programs\Python\Python311\Scripts\;C:\Users\PC\AppData\Local\Programs\Python\Python311\;C:\Users\PC\AppData\Local\Microsoft\WindowsApps;C:\Users\PC\AppData\Local\Programs\Microsoft VS Code\bin;C:\Program Files\nodejs;C:\MinGW\bin;C:\Users\PC\.dotnet\tools;C:\Users\PC\AppData\Local\Microsoft\WindowsApps;;C:\WINDOWS\system32;
USERNAME=PC
OS=Windows_NT
PROCESSOR_IDENTIFIER=Intel64 Family 6 Model 142 Stepping 10, GenuineIntel
TMP=C:\Users\PC\AppData\Local\Temp
TEMP=C:\Users\PC\AppData\Local\Temp




Periodic native trim disabled

---------------  S Y S T E M  ---------------

OS:
 Windows 10 , 64 bit Build 19041 (10.0.19041.5915)
OS uptime: 0 days 0:30 hours
Hyper-V role detected

CPU: total 8 (initial active 8) (4 cores per cpu, 2 threads per core) family 6 model 142 stepping 10 microcode 0xf0, cx8, cmov, fxsr, ht, mmx, 3dnowpref, sse, sse2, sse3, ssse3, sse4.1, sse4.2, popcnt, lzcnt, tsc, tscinvbit, avx, avx2, aes, erms, clmul, bmi1, bmi2, adx, fma, vzeroupper, clflush, clflushopt, hv, rdtscp, f16c
Processor Information for the first 8 processors :
  Max Mhz: 1992, Current Mhz: 1792, Mhz Limit: 1792

Memory: 4k page, system-wide physical 8089M (387M free)
TotalPageFile size 10137M (AvailPageFile size 5M)
current process WorkingSet (physical memory assigned to process): 160M, peak: 160M
current process commit charge ("private bytes"): 278M, peak: 278M

vm_info: Java HotSpot(TM) 64-Bit Server VM (24.0.2+12-54) for windows-amd64 JRE (24.0.2+12-54), built on 2025-07-08T12:10:27Z with MS VC++ 17.6 (VS2022)

END.
